#
# A fatal error has been detected by the Java Runtime Environment:
#
#  SIGSEGV (0xb) at pc=0x00000001035502a3, pid=4190, tid=15619
#
# JRE version: Java(TM) SE Runtime Environment (7.0_51-b13) (build 1.7.0_51-b13)
# Java VM: Java HotSpot(TM) 64-Bit Server VM (24.51-b03 mixed mode bsd-amd64 compressed oops)
# Problematic frame:
# V  [libjvm.dylib+0x3f72a3]
#
# Failed to write core dump. Core dumps have been disabled. To enable core dumping, try "ulimit -c unlimited" before starting Java again
#
# If you would like to submit a bug report, please visit:
#   http://bugreport.sun.com/bugreport/crash.jsp
#

---------------  T H R E A D  ---------------

Current thread (0x00007f9573855800):  JavaThread "JDWP Transport Listener: dt_socket" daemon [_thread_in_vm, id=15619, stack(0x000000010eacf000,0x000000010ebcf000)]

siginfo:si_signo=SIGSEGV: si_errno=0, si_code=1 (SEGV_MAPERR), si_addr=0x00000000000000e5

Registers:
RAX=0x0000000000000000, RBX=0x00007f9576af4000, RCX=0x00007f9572c54d98, RDX=0x0000000103963d98
RSP=0x000000010ebce9b0, RBP=0x000000010ebce9b0, RSI=0x0000000000000001, RDI=0x00007f9572c54d80
R8 =0x000000000000000d, R9 =0x0000000000000060, R10=0x0000000000000000, R11=0x0000000000000202
R12=0x0000000000000006, R13=0x0000000000100005, R14=0x00007f9576af4000, R15=0x0000000000000005
RIP=0x00000001035502a3, EFLAGS=0x0000000000010202, ERR=0x0000000000000004
  TRAPNO=0x000000000000000e

Top of Stack: (sp=0x000000010ebce9b0)
0x000000010ebce9b0:   000000010ebce9d0 00000001034be508
0x000000010ebce9c0:   00007f9572c54d80 000000010ebcea8c
0x000000010ebce9d0:   000000010ebcea10 00000001034bd094
0x000000010ebce9e0:   000000010ebcea10 000000010ebcea8c
0x000000010ebce9f0:   00007f9573855800 00007f9572c524d0
0x000000010ebcea00:   00007f9572d314f8 00007f9572c17230
0x000000010ebcea10:   000000010ebcea70 00000001034911a3
0x000000010ebcea20:   00007f9573855800 0000000000000000
0x000000010ebcea30:   0000000100000000 0000000000000000
0x000000010ebcea40:   00007f9573855800 00007f9573855800
0x000000010ebcea50:   000000010ebceac0 0000000103d2bdc0
0x000000010ebcea60:   000000010ebceac4 00007f9572d314f8
0x000000010ebcea70:   000000010ebceab0 0000000103d204c6
0x000000010ebcea80:   000000010ebceab0 0000000003d1fae6
0x000000010ebcea90:   000000010ebceb08 0000000103d2bdc0
0x000000010ebceaa0:   000000010ebcec90 00007f9572d314f8
0x000000010ebceab0:   000000010ebceae0 0000000103d0caff
0x000000010ebceac0:   000000010ebceae0 000000010ebcec90
0x000000010ebcead0:   000000010ebceb08 0000000103d37578
0x000000010ebceae0:   000000010ebced00 0000000103d126b2
0x000000010ebceaf0:   0006ebf600000013 0000000000040b00
0x000000010ebceb00:   00007f9572c54e50 000000010ebceb58
0x000000010ebceb10:   00007f950000012c 000000010ebceb20
0x000000010ebceb20:   00007f9500000000 000000010ebceb58
0x000000010ebceb30:   0000000000000000 0000000000000000
0x000000010ebceb40:   0006ebf600000011 0000000000000080
0x000000010ebceb50:   000000010ebceb58 0000005a01000000
0x000000010ebceb60:   00303135312d6406 7f00000e00000000
0x000000010ebceb70:   00000040ffd27295 000000bf02000000
0x000000010ebceb80:   0000010100160000 00000e0000000000
0x000000010ebceb90:   00004897d172957f 0000e40200000000
0x000000010ebceba0:   0001020016000000 000f000000000000 

Instructions: (pc=0x00000001035502a3)
0x0000000103550283:   01 41 0f 9f c2 4c 89 c0 41 80 fa 00 74 01 f0 4c
0x0000000103550293:   0f b1 0f 4c 39 c0 75 da 49 83 e0 fe 4c 89 47 10
0x00000001035502a3:   49 8b 88 d8 00 00 00 48 89 4f 10 4c 89 47 18 48
0x00000001035502b3:   8d 0d df 3a 41 00 83 39 02 7c 05 f0 83 04 24 00 

Register to memory mapping:

RAX=0x0000000000000000 is an unknown value
RBX=0x00007f9576af4000 is an unknown value
RCX=0x00007f9572c54d98 is an unknown value
RDX=0x0000000103963d98: _ZN2os16_processor_countE+0 in /Library/Java/JavaVirtualMachines/jdk1.7.0_51.jdk/Contents/Home/jre/lib/server/libjvm.dylib at 0x0000000103159000
RSP=0x000000010ebce9b0 is pointing into the stack for thread: 0x00007f9573855800
RBP=0x000000010ebce9b0 is pointing into the stack for thread: 0x00007f9573855800
RSI=0x0000000000000001 is an unknown value
RDI=0x00007f9572c54d80 is an unknown value
R8 =0x000000000000000d is an unknown value
R9 =0x0000000000000060 is an unknown value
R10=0x0000000000000000 is an unknown value
R11=0x0000000000000202 is an unknown value
R12=0x0000000000000006 is an unknown value
R13=0x0000000000100005 is an unknown value
R14=0x00007f9576af4000 is an unknown value
R15=0x0000000000000005 is an unknown value


Stack: [0x000000010eacf000,0x000000010ebcf000],  sp=0x000000010ebce9b0,  free space=1022k
Native frames: (J=compiled Java code, j=interpreted, Vv=VM code, C=native code)
V  [libjvm.dylib+0x3f72a3]
V  [libjvm.dylib+0x365508]
V  [libjvm.dylib+0x364094]
V  [libjvm.dylib+0x3381a3]
C  [libjdwp.dylib+0x1c4c6]  threadControl_applicationThreadStatus+0x43
C  [libjdwp.dylib+0x8aff]  status+0x5e
C  [libjdwp.dylib+0xe6b2]  debugLoop_run+0x1ce
C  [libjdwp.dylib+0x1f132]  attachThread+0x4d
V  [libjvm.dylib+0x373f9e]
V  [libjvm.dylib+0x4efb57]
V  [libjvm.dylib+0x4f125f]
V  [libjvm.dylib+0x41b1d6]
C  [libsystem_pthread.dylib+0x32fc]  _pthread_body+0x83
C  [libsystem_pthread.dylib+0x3279]  _pthread_body+0x0
C  [libsystem_pthread.dylib+0x14b1]  thread_start+0xd


---------------  P R O C E S S  ---------------

Java Threads: ( => current thread )
  0x00007f95762e9800 JavaThread "Thread-1513" [_thread_blocked, id=19723, stack(0x000000010f502000,0x000000010f602000)]
  0x00007f9576000000 JavaThread "process reaper" daemon [_thread_blocked, id=20227, stack(0x000000010d25a000,0x000000010d282000)]
  0x00007f957303b000 JavaThread "Service Thread" daemon [_thread_blocked, id=18179, stack(0x000000010efde000,0x000000010f0de000)]
  0x00007f9573861000 JavaThread "C2 CompilerThread1" daemon [_thread_blocked, id=17667, stack(0x000000010eedb000,0x000000010efdb000)]
  0x00007f9573862000 JavaThread "C2 CompilerThread0" daemon [_thread_blocked, id=17155, stack(0x000000010edd8000,0x000000010eed8000)]
  0x00007f9573857000 JavaThread "JDWP Command Reader" daemon [_thread_in_native, id=16643, stack(0x000000010ecd5000,0x000000010edd5000)]
  0x00007f9573856000 JavaThread "JDWP Event Helper Thread" daemon [_thread_blocked, id=16131, stack(0x000000010ebd2000,0x000000010ecd2000)]
=>0x00007f9573855800 JavaThread "JDWP Transport Listener: dt_socket" daemon [_thread_in_vm, id=15619, stack(0x000000010eacf000,0x000000010ebcf000)]
  0x00007f957303a800 JavaThread "Signal Dispatcher" daemon [_thread_blocked, id=14095, stack(0x000000010e9c6000,0x000000010eac6000)]
  0x00007f9573030800 JavaThread "Finalizer" daemon [_thread_blocked, id=11011, stack(0x000000010d089000,0x000000010d189000)]
  0x00007f9573831000 JavaThread "Reference Handler" daemon [_thread_blocked, id=10499, stack(0x000000010cf86000,0x000000010d086000)]
  0x00007f9573806800 JavaThread "main" [_thread_blocked, id=3331, stack(0x0000000103bad000,0x0000000103cad000)]

Other Threads:
  0x00007f9573830800 VMThread [stack: 0x000000010ce83000,0x000000010cf83000] [id=9987]
  0x00007f957383f800 WatcherThread [stack: 0x000000010f0e1000,0x000000010f1e1000] [id=18691]

VM state:not at safepoint (normal execution)

VM Mutex/Monitor currently owned by a thread: None

Heap
 PSYoungGen      total 38400K, used 28406K [0x00000007d5500000, 0x00000007d9680000, 0x0000000800000000)
  eden space 37888K, 74% used [0x00000007d5500000,0x00000007d70a5a00,0x00000007d7a00000)
  from space 512K, 18% used [0x00000007d9580000,0x00000007d9598000,0x00000007d9600000)
  to   space 512K, 0% used [0x00000007d9600000,0x00000007d9600000,0x00000007d9680000)
 ParOldGen       total 174592K, used 1578K [0x0000000780000000, 0x000000078aa80000, 0x00000007d5500000)
  object space 174592K, 0% used [0x0000000780000000,0x000000078018aa60,0x000000078aa80000)
 PSPermGen       total 21504K, used 4308K [0x000000077ae00000, 0x000000077c300000, 0x0000000780000000)
  object space 21504K, 20% used [0x000000077ae00000,0x000000077b235318,0x000000077c300000)

Card table byte_map: [0x00000001072c0000,0x00000001076ea000] byte_map_base: 0x00000001036e9000

Polling page: 0x0000000103d03000

Code Cache  [0x0000000104200000, 0x0000000104470000, 0x0000000107200000)
 total_blobs=638 nmethods=430 adapters=170 free_code_cache=46902Kb largest_free_block=47986944

Compilation events (10 events):
Event: 270.167 Thread 0x00007f9573862000  444             sun.misc.FDBigInt::sub (164 bytes)
Event: 270.201 Thread 0x00007f9573862000 nmethod 444 0x00000001042da8d0 code [0x00000001042daa40, 0x00000001042db0d8]
Event: 275.205 Thread 0x00007f9573861000  445             java.util.AbstractList::<init> (10 bytes)
Event: 275.205 Thread 0x00007f9573861000 nmethod 445 0x00000001043d1d50 code [0x00000001043d1e80, 0x00000001043d1ed8]
Event: 275.215 Thread 0x00007f9573862000  446             ega.KmeanClustering::getGameWithMaxExpectedPayoff (77 bytes)
Event: 275.269 Thread 0x00007f9573862000 nmethod 446 0x00000001043d3ed0 code [0x00000001043d40e0, 0x00000001043d4c10]
Event: 275.963 Thread 0x00007f9573861000  447             sun.misc.LRUCache::moveToFront (29 bytes)
Event: 275.968 Thread 0x00007f9573861000 nmethod 447 0x00000001043d3910 code [0x00000001043d3a60, 0x00000001043d3cd8]
Event: 276.071 Thread 0x00007f9573862000  448             java.nio.Buffer::discardMark (6 bytes)
Event: 276.071 Thread 0x00007f9573862000 nmethod 448 0x0000000104410190 code [0x00000001044102c0, 0x0000000104410318]

GC Heap History (10 events):
Event: 276.104 GC heap before
{Heap before GC invocations=53 (full 0):
 PSYoungGen      total 40960K, used 40576K [0x00000007d5500000, 0x00000007d9680000, 0x0000000800000000)
  eden space 40448K, 100% used [0x00000007d5500000,0x00000007d7c80000,0x00000007d7c80000)
  from space 512K, 25% used [0x00000007d9600000,0x00000007d9620000,0x00000007d9680000)
  to   space 512K, 0% used [0x00000007d9580000,0x00000007d9580000,0x00000007d9600000)
 ParOldGen       total 174592K, used 1498K [0x0000000780000000, 0x000000078aa80000, 0x00000007d5500000)
  object space 174592K, 0% used [0x0000000780000000,0x0000000780176a60,0x000000078aa80000)
 PSPermGen       total 21504K, used 4307K [0x000000077ae00000, 0x000000077c300000, 0x0000000780000000)
  object space 21504K, 20% used [0x000000077ae00000,0x000000077b234e58,0x000000077c300000)
Event: 276.106 GC heap after
Heap after GC invocations=53 (full 0):
 PSYoungGen      total 40448K, used 128K [0x00000007d5500000, 0x00000007d9680000, 0x0000000800000000)
  eden space 39936K, 0% used [0x00000007d5500000,0x00000007d5500000,0x00000007d7c00000)
  from space 512K, 25% used [0x00000007d9580000,0x00000007d95a0000,0x00000007d9600000)
  to   space 512K, 0% used [0x00000007d9600000,0x00000007d9600000,0x00000007d9680000)
 ParOldGen       total 174592K, used 1498K [0x0000000780000000, 0x000000078aa80000, 0x00000007d5500000)
  object space 174592K, 0% used [0x0000000780000000,0x0000000780176a60,0x000000078aa80000)
 PSPermGen       total 21504K, used 4307K [0x000000077ae00000, 0x000000077c300000, 0x0000000780000000)
  object space 21504K, 20% used [0x000000077ae00000,0x000000077b234e58,0x000000077c300000)
}
Event: 276.789 GC heap before
{Heap before GC invocations=54 (full 0):
 PSYoungGen      total 40448K, used 40064K [0x00000007d5500000, 0x00000007d9680000, 0x0000000800000000)
  eden space 39936K, 100% used [0x00000007d5500000,0x00000007d7c00000,0x00000007d7c00000)
  from space 512K, 25% used [0x00000007d9580000,0x00000007d95a0000,0x00000007d9600000)
  to   space 512K, 0% used [0x00000007d9600000,0x00000007d9600000,0x00000007d9680000)
 ParOldGen       total 174592K, used 1498K [0x0000000780000000, 0x000000078aa80000, 0x00000007d5500000)
  object space 174592K, 0% used [0x0000000780000000,0x0000000780176a60,0x000000078aa80000)
 PSPermGen       total 21504K, used 4307K [0x000000077ae00000, 0x000000077c300000, 0x0000000780000000)
  object space 21504K, 20% used [0x000000077ae00000,0x000000077b234e58,0x000000077c300000)
Event: 276.803 GC heap after
Heap after GC invocations=54 (full 0):
 PSYoungGen      total 39936K, used 64K [0x00000007d5500000, 0x00000007d9680000, 0x0000000800000000)
  eden space 39424K, 0% used [0x00000007d5500000,0x00000007d5500000,0x00000007d7b80000)
  from space 512K, 12% used [0x00000007d9600000,0x00000007d9610000,0x00000007d9680000)
  to   space 512K, 0% used [0x00000007d9580000,0x00000007d9580000,0x00000007d9600000)
 ParOldGen       total 174592K, used 1522K [0x0000000780000000, 0x000000078aa80000, 0x00000007d5500000)
  object space 174592K, 0% used [0x0000000780000000,0x000000078017ca60,0x000000078aa80000)
 PSPermGen       total 21504K, used 4307K [0x000000077ae00000, 0x000000077c300000, 0x0000000780000000)
  object space 21504K, 20% used [0x000000077ae00000,0x000000077b234e58,0x000000077c300000)
}
Event: 277.618 GC heap before
{Heap before GC invocations=55 (full 0):
 PSYoungGen      total 39936K, used 39488K [0x00000007d5500000, 0x00000007d9680000, 0x0000000800000000)
  eden space 39424K, 100% used [0x00000007d5500000,0x00000007d7b80000,0x00000007d7b80000)
  from space 512K, 12% used [0x00000007d9600000,0x00000007d9610000,0x00000007d9680000)
  to   space 512K, 0% used [0x00000007d9580000,0x00000007d9580000,0x00000007d9600000)
 ParOldGen       total 174592K, used 1522K [0x0000000780000000, 0x000000078aa80000, 0x00000007d5500000)
  object space 174592K, 0% used [0x0000000780000000,0x000000078017ca60,0x000000078aa80000)
 PSPermGen       total 21504K, used 4307K [0x000000077ae00000, 0x000000077c300000, 0x0000000780000000)
  object space 21504K, 20% used [0x000000077ae00000,0x000000077b234fd8,0x000000077c300000)
Event: 277.620 GC heap after
Heap after GC invocations=55 (full 0):
 PSYoungGen      total 39424K, used 128K [0x00000007d5500000, 0x00000007d9680000, 0x0000000800000000)
  eden space 38912K, 0% used [0x00000007d5500000,0x00000007d5500000,0x00000007d7b00000)
  from space 512K, 25% used [0x00000007d9580000,0x00000007d95a0000,0x00000007d9600000)
  to   space 512K, 0% used [0x00000007d9600000,0x00000007d9600000,0x00000007d9680000)
 ParOldGen       total 174592K, used 1538K [0x0000000780000000, 0x000000078aa80000, 0x00000007d5500000)
  object space 174592K, 0% used [0x0000000780000000,0x0000000780180a60,0x000000078aa80000)
 PSPermGen       total 21504K, used 4307K [0x000000077ae00000, 0x000000077c300000, 0x0000000780000000)
  object space 21504K, 20% used [0x000000077ae00000,0x000000077b234fd8,0x000000077c300000)
}
Event: 278.347 GC heap before
{Heap before GC invocations=56 (full 0):
 PSYoungGen      total 39424K, used 39040K [0x00000007d5500000, 0x00000007d9680000, 0x0000000800000000)
  eden space 38912K, 100% used [0x00000007d5500000,0x00000007d7b00000,0x00000007d7b00000)
  from space 512K, 25% used [0x00000007d9580000,0x00000007d95a0000,0x00000007d9600000)
  to   space 512K, 0% used [0x00000007d9600000,0x00000007d9600000,0x00000007d9680000)
 ParOldGen       total 174592K, used 1538K [0x0000000780000000, 0x000000078aa80000, 0x00000007d5500000)
  object space 174592K, 0% used [0x0000000780000000,0x0000000780180a60,0x000000078aa80000)
 PSPermGen       total 21504K, used 4308K [0x000000077ae00000, 0x000000077c300000, 0x0000000780000000)
  object space 21504K, 20% used [0x000000077ae00000,0x000000077b2350b0,0x000000077c300000)
Event: 278.350 GC heap after
Heap after GC invocations=56 (full 0):
 PSYoungGen      total 38912K, used 96K [0x00000007d5500000, 0x00000007d9680000, 0x0000000800000000)
  eden space 38400K, 0% used [0x00000007d5500000,0x00000007d5500000,0x00000007d7a80000)
  from space 512K, 18% used [0x00000007d9600000,0x00000007d9618000,0x00000007d9680000)
  to   space 512K, 0% used [0x00000007d9580000,0x00000007d9580000,0x00000007d9600000)
 ParOldGen       total 174592K, used 1546K [0x0000000780000000, 0x000000078aa80000, 0x00000007d5500000)
  object space 174592K, 0% used [0x0000000780000000,0x0000000780182a60,0x000000078aa80000)
 PSPermGen       total 21504K, used 4308K [0x000000077ae00000, 0x000000077c300000, 0x0000000780000000)
  object space 21504K, 20% used [0x000000077ae00000,0x000000077b2350b0,0x000000077c300000)
}
Event: 279.177 GC heap before
{Heap before GC invocations=57 (full 0):
 PSYoungGen      total 38912K, used 38496K [0x00000007d5500000, 0x00000007d9680000, 0x0000000800000000)
  eden space 38400K, 100% used [0x00000007d5500000,0x00000007d7a80000,0x00000007d7a80000)
  from space 512K, 18% used [0x00000007d9600000,0x00000007d9618000,0x00000007d9680000)
  to   space 512K, 0% used [0x00000007d9580000,0x00000007d9580000,0x00000007d9600000)
 ParOldGen       total 174592K, used 1546K [0x0000000780000000, 0x000000078aa80000, 0x00000007d5500000)
  object space 174592K, 0% used [0x0000000780000000,0x0000000780182a60,0x000000078aa80000)
 PSPermGen       total 21504K, used 4308K [0x000000077ae00000, 0x000000077c300000, 0x0000000780000000)
  object space 21504K, 20% used [0x000000077ae00000,0x000000077b2350b0,0x000000077c300000)
Event: 279.178 GC heap after
Heap after GC invocations=57 (full 0):
 PSYoungGen      total 38400K, used 96K [0x00000007d5500000, 0x00000007d9680000, 0x0000000800000000)
  eden space 37888K, 0% used [0x00000007d5500000,0x00000007d5500000,0x00000007d7a00000)
  from space 512K, 18% used [0x00000007d9580000,0x00000007d9598000,0x00000007d9600000)
  to   space 512K, 0% used [0x00000007d9600000,0x00000007d9600000,0x00000007d9680000)
 ParOldGen       total 174592K, used 1578K [0x0000000780000000, 0x000000078aa80000, 0x00000007d5500000)
  object space 174592K, 0% used [0x0000000780000000,0x000000078018aa60,0x000000078aa80000)
 PSPermGen       total 21504K, used 4308K [0x000000077ae00000, 0x000000077c300000, 0x0000000780000000)
  object space 21504K, 20% used [0x000000077ae00000,0x000000077b2350b0,0x000000077c300000)
}

Deoptimization events (10 events):
Event: 57.954 Thread 0x00007f9574070000 Uncommon trap: reason=class_check action=maybe_recompile pc=0x00000001042f890c method=java.util.regex.Matcher.getTextLength()I @ 4
Event: 57.954 Thread 0x00007f9574070000 Uncommon trap: reason=class_check action=maybe_recompile pc=0x00000001042f890c method=java.util.regex.Matcher.getTextLength()I @ 4
Event: 57.954 Thread 0x00007f9574070000 Uncommon trap: reason=class_check action=maybe_recompile pc=0x00000001042f890c method=java.util.regex.Matcher.getTextLength()I @ 4
Event: 57.954 Thread 0x00007f9574070000 Uncommon trap: reason=class_check action=maybe_recompile pc=0x00000001042f890c method=java.util.regex.Matcher.getTextLength()I @ 4
Event: 117.014 Thread 0x00007f9573806800 Uncommon trap: reason=unreached action=reinterpret pc=0x00000001042df1e8 method=java.util.regex.Pattern.sequence(Ljava/util/regex/Pattern$Node;)Ljava/util/regex/Pattern$Node; @ 144
Event: 117.014 Thread 0x00007f9573806800 Uncommon trap: reason=class_check action=maybe_recompile pc=0x00000001042dae5c method=java.util.regex.Pattern$Curly.match0(Ljava/util/regex/Matcher;IILjava/lang/CharSequence;)Z @ 170
Event: 202.256 Thread 0x00007f9573806800 Uncommon trap: reason=class_check action=maybe_recompile pc=0x00000001042dae5c method=java.util.regex.Pattern$Curly.match0(Ljava/util/regex/Matcher;IILjava/lang/CharSequence;)Z @ 170
Event: 204.516 Thread 0x00007f9573806800 Uncommon trap: reason=class_check action=maybe_recompile pc=0x00000001042dae5c method=java.util.regex.Pattern$Curly.match0(Ljava/util/regex/Matcher;IILjava/lang/CharSequence;)Z @ 170
Event: 205.737 Thread 0x00007f9573806800 Uncommon trap: reason=class_check action=maybe_recompile pc=0x00000001042dae5c method=java.util.regex.Pattern$Curly.match0(Ljava/util/regex/Matcher;IILjava/lang/CharSequence;)Z @ 170
Event: 234.665 Thread 0x00007f9573806800 Uncommon trap: reason=intrinsic action=make_not_entrant pc=0x000000010438f9b0 method=ega.games.EmpiricalPayoffs.addSample([D)V @ 48

Internal exceptions (10 events):
Event: 206.657 Thread 0x00007f9576000000 Threw 0x00000007d6d26508 at /HUDSON/workspace/7u-2-build-macosx-x86_64/jdk7u51/527/hotspot/src/share/vm/prims/jni.cpp:743
Event: 222.877 Thread 0x00007f9576000000 Threw 0x00000007d57bf358 at /HUDSON/workspace/7u-2-build-macosx-x86_64/jdk7u51/527/hotspot/src/share/vm/prims/jni.cpp:743
Event: 250.496 Thread 0x00007f9576000000 Threw 0x00000007d584f038 at /HUDSON/workspace/7u-2-build-macosx-x86_64/jdk7u51/527/hotspot/src/share/vm/prims/jni.cpp:717
Event: 260.674 Thread 0x00007f9576000000 Threw 0x00000007d77f6c28 at /HUDSON/workspace/7u-2-build-macosx-x86_64/jdk7u51/527/hotspot/src/share/vm/prims/jni.cpp:717
Event: 262.139 Thread 0x00007f9576000000 Threw 0x00000007d7938e78 at /HUDSON/workspace/7u-2-build-macosx-x86_64/jdk7u51/527/hotspot/src/share/vm/prims/jni.cpp:743
Event: 262.904 Thread 0x00007f9576000000 Threw 0x00000007d5cb54f0 at /HUDSON/workspace/7u-2-build-macosx-x86_64/jdk7u51/527/hotspot/src/share/vm/prims/jni.cpp:743
Event: 263.245 Thread 0x00007f9576000000 Threw 0x00000007d6b2b5d0 at /HUDSON/workspace/7u-2-build-macosx-x86_64/jdk7u51/527/hotspot/src/share/vm/prims/jni.cpp:717
Event: 267.525 Thread 0x00007f9576000000 Threw 0x00000007d6abb0f8 at /HUDSON/workspace/7u-2-build-macosx-x86_64/jdk7u51/527/hotspot/src/share/vm/prims/jni.cpp:743
Event: 273.173 Thread 0x00007f9576000000 Threw 0x00000007d6cb8848 at /HUDSON/workspace/7u-2-build-macosx-x86_64/jdk7u51/527/hotspot/src/share/vm/prims/jni.cpp:717
Event: 279.270 Thread 0x00007f9576000000 Threw 0x00000007d6578538 at /HUDSON/workspace/7u-2-build-macosx-x86_64/jdk7u51/527/hotspot/src/share/vm/prims/jni.cpp:743

Events (10 events):
Event: 279.403 Thread 0x00007f95762e9800 Thread added: 0x00007f95762e9800
Event: 279.416 Thread 0x00007f95762e9800 Thread exited: 0x00007f95762e9800
Event: 279.418 Thread 0x00007f9576af4000 Thread added: 0x00007f9576af4000
Event: 279.432 Thread 0x00007f9576af4000 Thread exited: 0x00007f9576af4000
Event: 279.432 Thread 0x00007f9576af4000 Thread added: 0x00007f9576af4000
Event: 279.459 Thread 0x00007f9576af4000 Thread exited: 0x00007f9576af4000
Event: 279.461 Thread 0x00007f95762e9800 Thread added: 0x00007f95762e9800
Event: 279.484 Thread 0x00007f95762e9800 Thread exited: 0x00007f95762e9800
Event: 279.490 Thread 0x00007f9576af4000 Thread added: 0x00007f9576af4000
Event: 279.508 Thread 0x00007f9576af4000 Thread exited: 0x00007f9576af4000


Dynamic libraries:
0x0000000000b4f000 	/System/Library/Frameworks/Cocoa.framework/Versions/A/Cocoa
0x0000000000b4f000 	/System/Library/Frameworks/Security.framework/Versions/A/Security
0x0000000000b4f000 	/System/Library/Frameworks/ApplicationServices.framework/Versions/A/ApplicationServices
0x0000000000b4f000 	/usr/lib/libz.1.dylib
0x0000000000b4f000 	/usr/lib/libSystem.B.dylib
0x0000000000b4f000 	/usr/lib/libobjc.A.dylib
0x0000000000b4f000 	/System/Library/Frameworks/CoreFoundation.framework/Versions/A/CoreFoundation
0x0000000000b4f000 	/System/Library/Frameworks/Foundation.framework/Versions/C/Foundation
0x0000000000b4f000 	/System/Library/Frameworks/AppKit.framework/Versions/C/AppKit
0x0000000000b4f000 	/System/Library/Frameworks/CoreData.framework/Versions/A/CoreData
0x0000000000b4f000 	/System/Library/PrivateFrameworks/RemoteViewServices.framework/Versions/A/RemoteViewServices
0x0000000000b4f000 	/System/Library/PrivateFrameworks/UIFoundation.framework/Versions/A/UIFoundation
0x0000000000b4f000 	/System/Library/Frameworks/IOSurface.framework/Versions/A/IOSurface
0x0000000000b4f000 	/System/Library/Frameworks/AudioToolbox.framework/Versions/A/AudioToolbox
0x0000000000b4f000 	/System/Library/Frameworks/AudioUnit.framework/Versions/A/AudioUnit
0x0000000000b4f000 	/System/Library/PrivateFrameworks/DataDetectorsCore.framework/Versions/A/DataDetectorsCore
0x0000000000b4f000 	/System/Library/PrivateFrameworks/DesktopServicesPriv.framework/Versions/A/DesktopServicesPriv
0x0000000000b4f000 	/System/Library/Frameworks/Carbon.framework/Versions/A/Frameworks/HIToolbox.framework/Versions/A/HIToolbox
0x0000000000b4f000 	/System/Library/Frameworks/QuartzCore.framework/Versions/A/QuartzCore
0x0000000000b4f000 	/System/Library/Frameworks/Carbon.framework/Versions/A/Frameworks/SpeechRecognition.framework/Versions/A/SpeechRecognition
0x0000000000b4f000 	/usr/lib/libauto.dylib
0x0000000000b4f000 	/usr/lib/libicucore.A.dylib
0x0000000000b4f000 	/usr/lib/libxml2.2.dylib
0x0000000000b4f000 	/System/Library/PrivateFrameworks/CoreUI.framework/Versions/A/CoreUI
0x0000000000b4f000 	/System/Library/Frameworks/CoreAudio.framework/Versions/A/CoreAudio
0x0000000000b4f000 	/System/Library/Frameworks/DiskArbitration.framework/Versions/A/DiskArbitration
0x0000000000b4f000 	/usr/lib/liblangid.dylib
0x0000000000b4f000 	/System/Library/PrivateFrameworks/MultitouchSupport.framework/Versions/A/MultitouchSupport
0x0000000000b4f000 	/System/Library/Frameworks/IOKit.framework/Versions/A/IOKit
0x0000000000b4f000 	/usr/lib/libDiagnosticMessagesClient.dylib
0x0000000000b4f000 	/System/Library/Frameworks/CoreServices.framework/Versions/A/CoreServices
0x0000000000b4f000 	/System/Library/PrivateFrameworks/PerformanceAnalysis.framework/Versions/A/PerformanceAnalysis
0x0000000000b4f000 	/System/Library/PrivateFrameworks/GenerationalStorage.framework/Versions/A/GenerationalStorage
0x0000000000b4f000 	/System/Library/Frameworks/OpenGL.framework/Versions/A/OpenGL
0x0000000000b4f000 	/System/Library/PrivateFrameworks/Sharing.framework/Versions/A/Sharing
0x0000000000b4f000 	/System/Library/Frameworks/CoreGraphics.framework/Versions/A/CoreGraphics
0x0000000000b4f000 	/System/Library/Frameworks/CoreText.framework/Versions/A/CoreText
0x0000000000b4f000 	/System/Library/Frameworks/ImageIO.framework/Versions/A/ImageIO
0x0000000000b4f000 	/usr/lib/libextension.dylib
0x0000000000b4f000 	/System/Library/PrivateFrameworks/Backup.framework/Versions/A/Backup
0x0000000000b4f000 	/usr/lib/libarchive.2.dylib
0x0000000000b4f000 	/System/Library/Frameworks/CFNetwork.framework/Versions/A/CFNetwork
0x0000000000b4f000 	/System/Library/Frameworks/SystemConfiguration.framework/Versions/A/SystemConfiguration
0x0000000000b4f000 	/usr/lib/libCRFSuite.dylib
0x0000000000b4f000 	/usr/lib/libc++.1.dylib
0x0000000000b4f000 	/usr/lib/libc++abi.dylib
0x0000000000b4f000 	/usr/lib/system/libcache.dylib
0x0000000000b4f000 	/usr/lib/system/libcommonCrypto.dylib
0x0000000000b4f000 	/usr/lib/system/libcompiler_rt.dylib
0x0000000000b4f000 	/usr/lib/system/libcopyfile.dylib
0x0000000000b4f000 	/usr/lib/system/libcorecrypto.dylib
0x0000000000b4f000 	/usr/lib/system/libdispatch.dylib
0x0000000000b4f000 	/usr/lib/system/libdyld.dylib
0x0000000000b4f000 	/usr/lib/system/libkeymgr.dylib
0x0000000000b4f000 	/usr/lib/system/liblaunch.dylib
0x0000000000b4f000 	/usr/lib/system/libmacho.dylib
0x0000000000b4f000 	/usr/lib/system/libquarantine.dylib
0x0000000000b4f000 	/usr/lib/system/libremovefile.dylib
0x0000000000b4f000 	/usr/lib/system/libsystem_asl.dylib
0x0000000000b4f000 	/usr/lib/system/libsystem_blocks.dylib
0x0000000000b4f000 	/usr/lib/system/libsystem_c.dylib
0x0000000000b4f000 	/usr/lib/system/libsystem_configuration.dylib
0x0000000000b4f000 	/usr/lib/system/libsystem_coreservices.dylib
0x0000000000b4f000 	/usr/lib/system/libsystem_coretls.dylib
0x0000000000b4f000 	/usr/lib/system/libsystem_dnssd.dylib
0x0000000000b4f000 	/usr/lib/system/libsystem_info.dylib
0x0000000000b4f000 	/usr/lib/system/libsystem_kernel.dylib
0x0000000000b4f000 	/usr/lib/system/libsystem_m.dylib
0x0000000000b4f000 	/usr/lib/system/libsystem_malloc.dylib
0x0000000000b4f000 	/usr/lib/system/libsystem_network.dylib
0x0000000000b4f000 	/usr/lib/system/libsystem_networkextension.dylib
0x0000000000b4f000 	/usr/lib/system/libsystem_notify.dylib
0x0000000000b4f000 	/usr/lib/system/libsystem_platform.dylib
0x0000000000b4f000 	/usr/lib/system/libsystem_pthread.dylib
0x0000000000b4f000 	/usr/lib/system/libsystem_sandbox.dylib
0x0000000000b4f000 	/usr/lib/system/libsystem_secinit.dylib
0x0000000000b4f000 	/usr/lib/system/libsystem_stats.dylib
0x0000000000b4f000 	/usr/lib/system/libsystem_trace.dylib
0x0000000000b4f000 	/usr/lib/system/libunc.dylib
0x0000000000b4f000 	/usr/lib/system/libunwind.dylib
0x0000000000b4f000 	/usr/lib/system/libxpc.dylib
0x0000000000b4f000 	/usr/lib/libbz2.1.0.dylib
0x0000000000b4f000 	/usr/lib/liblzma.5.dylib
0x0000000000b4f000 	/usr/lib/libbsm.0.dylib
0x0000000000b4f000 	/usr/lib/libsqlite3.dylib
0x0000000000b4f000 	/usr/lib/system/libkxld.dylib
0x0000000000b4f000 	/usr/lib/libxar.1.dylib
0x0000000000b4f000 	/usr/lib/libpam.2.dylib
0x0000000000b4f000 	/usr/lib/libOpenScriptingUtil.dylib
0x0000000000b4f000 	/System/Library/Frameworks/CoreServices.framework/Versions/A/Frameworks/FSEvents.framework/Versions/A/FSEvents
0x0000000000b4f000 	/System/Library/Frameworks/CoreServices.framework/Versions/A/Frameworks/CarbonCore.framework/Versions/A/CarbonCore
0x0000000000b4f000 	/System/Library/Frameworks/CoreServices.framework/Versions/A/Frameworks/Metadata.framework/Versions/A/Metadata
0x0000000000b4f000 	/System/Library/Frameworks/CoreServices.framework/Versions/A/Frameworks/OSServices.framework/Versions/A/OSServices
0x0000000000b4f000 	/System/Library/Frameworks/CoreServices.framework/Versions/A/Frameworks/SearchKit.framework/Versions/A/SearchKit
0x0000000000b4f000 	/System/Library/Frameworks/CoreServices.framework/Versions/A/Frameworks/AE.framework/Versions/A/AE
0x0000000000b4f000 	/System/Library/Frameworks/CoreServices.framework/Versions/A/Frameworks/LaunchServices.framework/Versions/A/LaunchServices
0x0000000000b4f000 	/System/Library/Frameworks/CoreServices.framework/Versions/A/Frameworks/DictionaryServices.framework/Versions/A/DictionaryServices
0x0000000000b4f000 	/System/Library/Frameworks/NetFS.framework/Versions/A/NetFS
0x0000000000b4f000 	/System/Library/PrivateFrameworks/NetAuth.framework/Versions/A/NetAuth
0x0000000000b4f000 	/System/Library/PrivateFrameworks/login.framework/Versions/A/Frameworks/loginsupport.framework/Versions/A/loginsupport
0x0000000000b4f000 	/System/Library/PrivateFrameworks/TCC.framework/Versions/A/TCC
0x0000000000b4f000 	/usr/lib/libmecabra.dylib
0x0000000000b4f000 	/System/Library/PrivateFrameworks/LanguageModeling.framework/Versions/A/LanguageModeling
0x0000000000b4f000 	/usr/lib/libcmph.dylib
0x0000000000b4f000 	/usr/lib/libiconv.2.dylib
0x0000000000b4f000 	/System/Library/Frameworks/OpenDirectory.framework/Versions/A/Frameworks/CFOpenDirectory.framework/Versions/A/CFOpenDirectory
0x0000000000b4f000 	/System/Library/Frameworks/ServiceManagement.framework/Versions/A/ServiceManagement
0x0000000000b4f000 	/usr/lib/libxslt.1.dylib
0x0000000000b4f000 	/System/Library/Frameworks/Carbon.framework/Versions/A/Frameworks/Ink.framework/Versions/A/Ink
0x0000000000b4f000 	/System/Library/Frameworks/ApplicationServices.framework/Versions/A/Frameworks/ATS.framework/Versions/A/ATS
0x0000000000b4f000 	/System/Library/Frameworks/ApplicationServices.framework/Versions/A/Frameworks/ColorSync.framework/Versions/A/ColorSync
0x0000000000b4f000 	/System/Library/Frameworks/ApplicationServices.framework/Versions/A/Frameworks/HIServices.framework/Versions/A/HIServices
0x0000000000b4f000 	/System/Library/Frameworks/ApplicationServices.framework/Versions/A/Frameworks/LangAnalysis.framework/Versions/A/LangAnalysis
0x0000000000b4f000 	/System/Library/Frameworks/ApplicationServices.framework/Versions/A/Frameworks/PrintCore.framework/Versions/A/PrintCore
0x0000000000b4f000 	/System/Library/Frameworks/ApplicationServices.framework/Versions/A/Frameworks/QD.framework/Versions/A/QD
0x0000000000b4f000 	/System/Library/Frameworks/ApplicationServices.framework/Versions/A/Frameworks/SpeechSynthesis.framework/Versions/A/SpeechSynthesis
0x0000000000b4f000 	/System/Library/Frameworks/Accelerate.framework/Versions/A/Accelerate
0x0000000000b4f000 	/System/Library/Frameworks/Accelerate.framework/Versions/A/Frameworks/vImage.framework/Versions/A/vImage
0x0000000000b4f000 	/System/Library/Frameworks/Accelerate.framework/Versions/A/Frameworks/vecLib.framework/Versions/A/vecLib
0x0000000000b4f000 	/System/Library/Frameworks/Accelerate.framework/Versions/A/Frameworks/vecLib.framework/Versions/A/libvDSP.dylib
0x0000000000b4f000 	/System/Library/Frameworks/Accelerate.framework/Versions/A/Frameworks/vecLib.framework/Versions/A/libvMisc.dylib
0x0000000000b4f000 	/System/Library/Frameworks/Accelerate.framework/Versions/A/Frameworks/vecLib.framework/Versions/A/libLAPACK.dylib
0x0000000000b4f000 	/System/Library/Frameworks/Accelerate.framework/Versions/A/Frameworks/vecLib.framework/Versions/A/libBLAS.dylib
0x0000000000b4f000 	/System/Library/Frameworks/Accelerate.framework/Versions/A/Frameworks/vecLib.framework/Versions/A/libLinearAlgebra.dylib
0x0000000000b4f000 	/System/Library/Frameworks/ApplicationServices.framework/Versions/A/Frameworks/ATS.framework/Versions/A/Resources/libFontParser.dylib
0x0000000000b4f000 	/System/Library/Frameworks/ApplicationServices.framework/Versions/A/Frameworks/ATS.framework/Versions/A/Resources/libFontRegistry.dylib
0x0000000000b4f000 	/System/Library/PrivateFrameworks/AppleVPA.framework/Versions/A/AppleVPA
0x0000000000b4f000 	/System/Library/PrivateFrameworks/AppleJPEG.framework/Versions/A/AppleJPEG
0x0000000000b4f000 	/System/Library/Frameworks/ImageIO.framework/Versions/A/Resources/libJPEG.dylib
0x0000000000b4f000 	/System/Library/Frameworks/ImageIO.framework/Versions/A/Resources/libTIFF.dylib
0x0000000000b4f000 	/System/Library/Frameworks/ImageIO.framework/Versions/A/Resources/libPng.dylib
0x0000000000b4f000 	/System/Library/Frameworks/ImageIO.framework/Versions/A/Resources/libGIF.dylib
0x0000000000b4f000 	/System/Library/Frameworks/ImageIO.framework/Versions/A/Resources/libJP2.dylib
0x0000000000b4f000 	/System/Library/Frameworks/ImageIO.framework/Versions/A/Resources/libRadiance.dylib
0x0000000000b4f000 	/System/Library/Frameworks/CoreVideo.framework/Versions/A/CoreVideo
0x0000000000b4f000 	/System/Library/Frameworks/OpenGL.framework/Versions/A/Libraries/libGLU.dylib
0x0000000000b4f000 	/System/Library/Frameworks/OpenGL.framework/Versions/A/Libraries/libGFXShared.dylib
0x0000000000b4f000 	/System/Library/Frameworks/OpenGL.framework/Versions/A/Libraries/libGL.dylib
0x0000000000b4f000 	/System/Library/Frameworks/OpenGL.framework/Versions/A/Libraries/libGLImage.dylib
0x0000000000b4f000 	/System/Library/Frameworks/OpenGL.framework/Versions/A/Libraries/libCVMSPluginSupport.dylib
0x0000000000b4f000 	/System/Library/Frameworks/OpenGL.framework/Versions/A/Libraries/libCoreVMClient.dylib
0x0000000000b4f000 	/usr/lib/libcups.2.dylib
0x0000000000b4f000 	/System/Library/Frameworks/Kerberos.framework/Versions/A/Kerberos
0x0000000000b4f000 	/System/Library/Frameworks/GSS.framework/Versions/A/GSS
0x0000000000b4f000 	/usr/lib/libresolv.9.dylib
0x0000000000b4f000 	/System/Library/PrivateFrameworks/Heimdal.framework/Versions/A/Heimdal
0x0000000000b4f000 	/usr/lib/libheimdal-asn1.dylib
0x0000000000b4f000 	/System/Library/Frameworks/OpenDirectory.framework/Versions/A/OpenDirectory
0x0000000000b4f000 	/System/Library/PrivateFrameworks/CommonAuth.framework/Versions/A/CommonAuth
0x0000000000b4f000 	/System/Library/Frameworks/SecurityFoundation.framework/Versions/A/SecurityFoundation
0x0000000000b4f000 	/System/Library/Frameworks/QuartzCore.framework/Versions/A/Frameworks/CoreImage.framework/Versions/A/CoreImage
0x0000000000b4f000 	/System/Library/PrivateFrameworks/CrashReporterSupport.framework/Versions/A/CrashReporterSupport
0x0000000000b4f000 	/System/Library/Frameworks/OpenCL.framework/Versions/A/OpenCL
0x0000000000b4f000 	/System/Library/PrivateFrameworks/FaceCore.framework/Versions/A/FaceCore
0x0000000000b4f000 	/System/Library/PrivateFrameworks/Ubiquity.framework/Versions/A/Ubiquity
0x0000000000b4f000 	/System/Library/PrivateFrameworks/IconServices.framework/Versions/A/IconServices
0x0000000000b4f000 	/System/Library/PrivateFrameworks/ChunkingLibrary.framework/Versions/A/ChunkingLibrary
0x0000000000b4f000 	/System/Library/PrivateFrameworks/Apple80211.framework/Versions/A/Apple80211
0x0000000000b4f000 	/System/Library/Frameworks/CoreWLAN.framework/Versions/A/CoreWLAN
0x0000000000b4f000 	/System/Library/Frameworks/IOBluetooth.framework/Versions/A/IOBluetooth
0x0000000000b4f000 	/System/Library/PrivateFrameworks/CoreWiFi.framework/Versions/A/CoreWiFi
0x0000000000b4f000 	/System/Library/Frameworks/CoreBluetooth.framework/Versions/A/CoreBluetooth
0x0000000000b4f000 	/System/Library/PrivateFrameworks/DebugSymbols.framework/Versions/A/DebugSymbols
0x0000000000b4f000 	/System/Library/PrivateFrameworks/CoreSymbolication.framework/Versions/A/CoreSymbolication
0x0000000000b4f000 	/System/Library/PrivateFrameworks/Symbolication.framework/Versions/A/Symbolication
0x0000000000b4f000 	/System/Library/PrivateFrameworks/SpeechRecognitionCore.framework/Versions/A/SpeechRecognitionCore
0x0000000103159000 	/Library/Java/JavaVirtualMachines/jdk1.7.0_51.jdk/Contents/Home/jre/lib/server/libjvm.dylib
0x0000000000b4f000 	/usr/lib/libstdc++.6.dylib
0x0000000103cc6000 	/Library/Java/JavaVirtualMachines/jdk1.7.0_51.jdk/Contents/Home/jre/lib/libverify.dylib
0x0000000103cd3000 	/Library/Java/JavaVirtualMachines/jdk1.7.0_51.jdk/Contents/Home/jre/lib/libjava.dylib
0x0000000103d04000 	/Library/Java/JavaVirtualMachines/jdk1.7.0_51.jdk/Contents/Home/jre/lib/libjdwp.dylib
0x0000000103d41000 	/Library/Java/JavaVirtualMachines/jdk1.7.0_51.jdk/Contents/Home/jre/lib/libnpt.dylib
0x0000000103d4e000 	/Library/Java/JavaVirtualMachines/jdk1.7.0_51.jdk/Contents/Home/jre/lib/libzip.dylib
0x000000010d18b000 	/System/Library/Frameworks/JavaVM.framework/Frameworks/JavaRuntimeSupport.framework/JavaRuntimeSupport
0x000000010d1a3000 	/System/Library/Frameworks/JavaVM.framework/Versions/A/Frameworks/JavaNativeFoundation.framework/Versions/A/JavaNativeFoundation
0x0000000103df3000 	/System/Library/Frameworks/JavaVM.framework/Versions/A/JavaVM
0x0000000000b4f000 	/System/Library/Frameworks/Carbon.framework/Versions/A/Carbon
0x000000010d1b8000 	/System/Library/PrivateFrameworks/JavaLaunching.framework/Versions/A/JavaLaunching
0x0000000000b4f000 	/System/Library/Frameworks/Carbon.framework/Versions/A/Frameworks/CommonPanels.framework/Versions/A/CommonPanels
0x0000000000b4f000 	/System/Library/Frameworks/Carbon.framework/Versions/A/Frameworks/Help.framework/Versions/A/Help
0x0000000000b4f000 	/System/Library/Frameworks/Carbon.framework/Versions/A/Frameworks/ImageCapture.framework/Versions/A/ImageCapture
0x0000000000b4f000 	/System/Library/Frameworks/Carbon.framework/Versions/A/Frameworks/OpenScripting.framework/Versions/A/OpenScripting
0x0000000000b4f000 	/System/Library/Frameworks/Carbon.framework/Versions/A/Frameworks/Print.framework/Versions/A/Print
0x0000000000b4f000 	/System/Library/Frameworks/Carbon.framework/Versions/A/Frameworks/SecurityHI.framework/Versions/A/SecurityHI
0x000000010eac8000 	/Library/Java/JavaVirtualMachines/jdk1.7.0_51.jdk/Contents/Home/jre/lib/libdt_socket.dylib
0x000000010f2ae000 	/Library/Java/JavaVirtualMachines/jdk1.7.0_51.jdk/Contents/Home/jre/lib/libnet.dylib
0x000000010f2c3000 	/Library/Java/JavaVirtualMachines/jdk1.7.0_51.jdk/Contents/Home/jre/lib/libnio.dylib

VM Arguments:
jvm_args: -agentlib:jdwp=transport=dt_socket,suspend=y,address=localhost:58444 -Xmx2048M -Dfile.encoding=US-ASCII 
java_command: ega.Referee
Launcher Type: SUN_STANDARD

Environment Variables:
PATH=/usr/bin:/bin:/usr/sbin:/sbin
SHELL=/bin/bash

Signal Handlers:
SIGSEGV: [libjvm.dylib+0x525425], sa_mask[0]=0xfffefeff, sa_flags=0x00000043
SIGBUS: [libjvm.dylib+0x525425], sa_mask[0]=0xfffefeff, sa_flags=0x00000042
SIGFPE: [libjvm.dylib+0x41892a], sa_mask[0]=0xfffefeff, sa_flags=0x00000042
SIGPIPE: [libjvm.dylib+0x41892a], sa_mask[0]=0xfffefeff, sa_flags=0x00000042
SIGXFSZ: [libjvm.dylib+0x41892a], sa_mask[0]=0xfffefeff, sa_flags=0x00000042
SIGILL: [libjvm.dylib+0x41892a], sa_mask[0]=0xfffefeff, sa_flags=0x00000042
SIGUSR1: SIG_DFL, sa_mask[0]=0x00000000, sa_flags=0x00000000
SIGUSR2: [libjvm.dylib+0x41841c], sa_mask[0]=0x00000004, sa_flags=0x00000042
SIGHUP: [libjvm.dylib+0x4166ab], sa_mask[0]=0xfffefeff, sa_flags=0x00000042
SIGINT: [libjvm.dylib+0x4166ab], sa_mask[0]=0xfffefeff, sa_flags=0x00000042
SIGTERM: [libjvm.dylib+0x4166ab], sa_mask[0]=0xfffefeff, sa_flags=0x00000042
SIGQUIT: [libjvm.dylib+0x4166ab], sa_mask[0]=0xfffefeff, sa_flags=0x00000042


---------------  S Y S T E M  ---------------

OS:Bsduname:Darwin 14.0.0 Darwin Kernel Version 14.0.0: Fri Sep 19 00:26:44 PDT 2014; root:xnu-2782.1.97~2/RELEASE_X86_64 x86_64
rlimit: STACK 8192k, CORE 0k, NPROC 709, NOFILE 10240, AS infinity
load average:51.13 18.99 10.63

CPU:total 2 (2 cores per cpu, 1 threads per core) family 6 model 23 stepping 10, cmov, cx8, fxsr, mmx, sse, sse2, sse3, ssse3, sse4.1, tsc

Memory: 4k page, physical 16777216k(4194304k free)

/proc/meminfo:


vm_info: Java HotSpot(TM) 64-Bit Server VM (24.51-b03) for bsd-amd64 JRE (1.7.0_51-b13), built on Dec 18 2013 18:45:56 by "java_re" with gcc 4.2.1 (Based on Apple Inc. build 5658) (LLVM build 2336.11.00)

time: Tue Jan 27 11:15:14 2015
elapsed time: 279 seconds

