#
# A fatal error has been detected by the Java Runtime Environment:
#
#  SIGSEGV (0xb) at pc=0x000000010fa3b2a3, pid=26274, tid=15363
#
# JRE version: Java(TM) SE Runtime Environment (7.0_51-b13) (build 1.7.0_51-b13)
# Java VM: Java HotSpot(TM) 64-Bit Server VM (24.51-b03 mixed mode bsd-amd64 compressed oops)
# Problematic frame:
# V  [libjvm.dylib+0x3f72a3]  Monitor::IUnlock(bool)+0xcd
#
# Failed to write core dump. Core dumps have been disabled. To enable core dumping, try "ulimit -c unlimited" before starting Java again
#
# If you would like to submit a bug report, please visit:
#   http://bugreport.sun.com/bugreport/crash.jsp
#

---------------  T H R E A D  ---------------

Current thread (0x00007ffee905f000):  JavaThread "JDWP Transport Listener: dt_socket" daemon [_thread_in_vm, id=15363, stack(0x000000011af38000,0x000000011b038000)]

siginfo:si_signo=SIGSEGV: si_errno=0, si_code=1 (SEGV_MAPERR), si_addr=0x00000000000000e0

Registers:
RAX=0x0000000000000000, RBX=0x00007ffeeda06000, RCX=0x00007ffee8d538f8, RDX=0x000000010fe4ed98
RSP=0x000000011b0379b0, RBP=0x000000011b0379b0, RSI=0x0000000000000001, RDI=0x00007ffee8d538e0
R8 =0x0000000000000008, R9 =0x0000000000000060, R10=0x0000000000000000, R11=0x0000000000000202
R12=0x0000000000000006, R13=0x0000000000100005, R14=0x00007ffeeda06000, R15=0x0000000000000005
RIP=0x000000010fa3b2a3, EFLAGS=0x0000000000010202, ERR=0x0000000000000004
  TRAPNO=0x000000000000000e

Top of Stack: (sp=0x000000011b0379b0)
0x000000011b0379b0:   000000011b0379d0 000000010f9a9508
0x000000011b0379c0:   00007ffee8d538e0 000000011b037a8c
0x000000011b0379d0:   000000011b037a10 000000010f9a8094
0x000000011b0379e0:   000000011b037a10 000000011b037a8c
0x000000011b0379f0:   00007ffee905f000 00007ffee8d54100
0x000000011b037a00:   00007ffee8d4cc80 00007ffee8d1ee10
0x000000011b037a10:   000000011b037a70 000000010f97c1a3
0x000000011b037a20:   00007ffee905f000 0000000000000000
0x000000011b037a30:   0000000100000000 0000000000000000
0x000000011b037a40:   00007ffee905f000 00007ffee905f000
0x000000011b037a50:   000000011b037ac0 0000000110627dc0
0x000000011b037a60:   000000011b037ac4 00007ffee8d4cc80
0x000000011b037a70:   000000011b037ab0 000000011061c4c6
0x000000011b037a80:   000000011b037ab0 000000001061bae6
0x000000011b037a90:   000000011b037b08 0000000110627dc0
0x000000011b037aa0:   000000011b037c90 00007ffee8d4cc80
0x000000011b037ab0:   000000011b037ae0 0000000110608aff
0x000000011b037ac0:   000000011b037ae0 000000011b037c90
0x000000011b037ad0:   000000011b037b08 0000000110633578
0x000000011b037ae0:   000000011b037d00 000000011060e6b2
0x000000011b037af0:   0005af8200000013 0000000000040b00
0x000000011b037b00:   00007ffee8d54940 000000011b037b58
0x000000011b037b10:   00007ffe0000012c 000000011b037b20
0x000000011b037b20:   00007ffe00000000 000000011b037b58
0x000000011b037b30:   0000000000000000 0000000000000000
0x000000011b037b40:   0005af8200000013 0000000000000080
0x000000011b037b50:   000000011b037b58 0000000001000000
0x000000011b037b60:   00003938372d6406 0000000003000000
0x000000011b037b70:   0000000004000000 0000000001000000
0x000000011b037b80:   7270080000003200 0000797469726f69
0x000000011b037b90:   0000000000490100 0000000000020000
0x000000011b037ba0:   7407000000f20000 0000516461657268 

Instructions: (pc=0x000000010fa3b2a3)
0x000000010fa3b283:   01 41 0f 9f c2 4c 89 c0 41 80 fa 00 74 01 f0 4c
0x000000010fa3b293:   0f b1 0f 4c 39 c0 75 da 49 83 e0 fe 4c 89 47 10
0x000000010fa3b2a3:   49 8b 88 d8 00 00 00 48 89 4f 10 4c 89 47 18 48
0x000000010fa3b2b3:   8d 0d df 3a 41 00 83 39 02 7c 05 f0 83 04 24 00 

Register to memory mapping:

RAX=0x0000000000000000 is an unknown value
RBX=0x00007ffeeda06000 is an unknown value
RCX=0x00007ffee8d538f8 is an unknown value
RDX=0x000000010fe4ed98: _ZN2os16_processor_countE+0 in /Library/Java/JavaVirtualMachines/jdk1.7.0_51.jdk/Contents/Home/jre/lib/server/libjvm.dylib at 0x000000010f644000
RSP=0x000000011b0379b0 is pointing into the stack for thread: 0x00007ffee905f000
RBP=0x000000011b0379b0 is pointing into the stack for thread: 0x00007ffee905f000
RSI=0x0000000000000001 is an unknown value
RDI=0x00007ffee8d538e0 is an unknown value
R8 =0x0000000000000008 is an unknown value
R9 =0x0000000000000060 is an unknown value
R10=0x0000000000000000 is an unknown value
R11=0x0000000000000202 is an unknown value
R12=0x0000000000000006 is an unknown value
R13=0x0000000000100005 is an unknown value
R14=0x00007ffeeda06000 is an unknown value
R15=0x0000000000000005 is an unknown value


Stack: [0x000000011af38000,0x000000011b038000],  sp=0x000000011b0379b0,  free space=1022k
Native frames: (J=compiled Java code, j=interpreted, Vv=VM code, C=native code)
V  [libjvm.dylib+0x3f72a3]  Monitor::IUnlock(bool)+0xcd
V  [libjvm.dylib+0x365508]  JavaThread::is_being_ext_suspended() const+0x44
V  [libjvm.dylib+0x364094]  JvmtiEnv::GetThreadState(_jobject*, int*)+0xce
V  [libjvm.dylib+0x3381a3]  jvmti_GetThreadState+0xac
C  [libjdwp.dylib+0x1c4c6]  threadControl_applicationThreadStatus+0x43
C  [libjdwp.dylib+0x8aff]  status+0x5e
C  [libjdwp.dylib+0xe6b2]  debugLoop_run+0x1ce
C  [libjdwp.dylib+0x1f132]  attachThread+0x4d
V  [libjvm.dylib+0x373f9e]  JvmtiAgentThread::call_start_function()+0x38
V  [libjvm.dylib+0x4efb57]  JavaThread::thread_main_inner()+0x9b
V  [libjvm.dylib+0x4f125f]  JavaThread::run()+0x1a3
V  [libjvm.dylib+0x41b1d6]  java_start(Thread*)+0x126
C  [libsystem_pthread.dylib+0x32fc]  _pthread_body+0x83
C  [libsystem_pthread.dylib+0x3279]  _pthread_body+0x0
C  [libsystem_pthread.dylib+0x14b1]  thread_start+0xd


---------------  P R O C E S S  ---------------

Java Threads: ( => current thread )
  0x00007ffeea028800 JavaThread "process reaper" daemon [_thread_blocked, id=11015, stack(0x00000001196d7000,0x00000001196ff000)]
  0x00007ffee906a000 JavaThread "Service Thread" daemon [_thread_blocked, id=17923, stack(0x000000011b447000,0x000000011b547000)]
  0x00007ffee981f800 JavaThread "C2 CompilerThread1" daemon [_thread_in_native, id=17411, stack(0x000000011b344000,0x000000011b444000)]
  0x00007ffee9061800 JavaThread "C2 CompilerThread0" daemon [_thread_in_native, id=16899, stack(0x000000011b241000,0x000000011b341000)]
  0x00007ffee9060800 JavaThread "JDWP Command Reader" daemon [_thread_in_native, id=16387, stack(0x000000011b13e000,0x000000011b23e000)]
  0x00007ffee905f800 JavaThread "JDWP Event Helper Thread" daemon [_thread_blocked, id=15875, stack(0x000000011b03b000,0x000000011b13b000)]
=>0x00007ffee905f000 JavaThread "JDWP Transport Listener: dt_socket" daemon [_thread_in_vm, id=15363, stack(0x000000011af38000,0x000000011b038000)]
  0x00007ffee9053000 JavaThread "Signal Dispatcher" daemon [_thread_blocked, id=11535, stack(0x000000011ae2f000,0x000000011af2f000)]
  0x00007ffee981e800 JavaThread "Finalizer" daemon [_thread_blocked, id=10499, stack(0x000000011956a000,0x000000011966a000)]
  0x00007ffee981c000 JavaThread "Reference Handler" daemon [_thread_blocked, id=9987, stack(0x0000000119467000,0x0000000119567000)]
  0x00007ffee9005000 JavaThread "main" [_thread_in_native, id=3331, stack(0x0000000110098000,0x0000000110198000)]

Other Threads:
  0x00007ffee981b000 VMThread [stack: 0x0000000119364000,0x0000000119464000] [id=9475]
  0x00007ffee905e000 WatcherThread [stack: 0x000000011b54a000,0x000000011b64a000] [id=18435]

VM state:not at safepoint (normal execution)

VM Mutex/Monitor currently owned by a thread: None

Heap
 PSYoungGen      total 45568K, used 14185K [0x00000007d5500000, 0x00000007d9980000, 0x0000000800000000)
  eden space 45056K, 30% used [0x00000007d5500000,0x00000007d62a2540,0x00000007d8100000)
  from space 512K, 43% used [0x00000007d9900000,0x00000007d9938000,0x00000007d9980000)
  to   space 1024K, 0% used [0x00000007d9780000,0x00000007d9780000,0x00000007d9880000)
 ParOldGen       total 174592K, used 889K [0x0000000780000000, 0x000000078aa80000, 0x00000007d5500000)
  object space 174592K, 0% used [0x0000000780000000,0x00000007800de470,0x000000078aa80000)
 PSPermGen       total 21504K, used 4272K [0x000000077ae00000, 0x000000077c300000, 0x0000000780000000)
  object space 21504K, 19% used [0x000000077ae00000,0x000000077b22c048,0x000000077c300000)

Card table byte_map: [0x0000000113706000,0x0000000113b30000] byte_map_base: 0x000000010fb2f000

Polling page: 0x00000001101ee000

Code Cache  [0x0000000110646000, 0x00000001108b6000, 0x0000000113646000)
 total_blobs=621 nmethods=413 adapters=170 free_code_cache=47228Kb largest_free_block=48330368

Compilation events (10 events):
Event: 59.373 Thread 0x00007ffee981f800 nmethod 427 0x00000001107b9a10 code [0x00000001107b9b60, 0x00000001107b9df8]
Event: 59.427 Thread 0x00007ffee981f800  428             sun.misc.FDBigInt::<init> (198 bytes)
Event: 59.778 Thread 0x00007ffee981f800 nmethod 428 0x00000001107a5b50 code [0x00000001107a5ce0, 0x00000001107a68a8]
Event: 59.780 Thread 0x00007ffee981f800  429             java.text.DigitList::shouldRoundUp (382 bytes)
Event: 59.987 Thread 0x00007ffee981f800 nmethod 429 0x000000011082aad0 code [0x000000011082ac80, 0x000000011082b738]
Event: 59.987 Thread 0x00007ffee981f800  430             sun.nio.cs.US_ASCII$Decoder::decodeLoop (28 bytes)
Event: 60.045 Thread 0x00007ffee981f800 nmethod 430 0x00000001107a72d0 code [0x00000001107a7440, 0x00000001107a75f8]
Event: 60.072 Thread 0x00007ffee981f800  431             ega.games.EmpiricalMatrixGame::<init> (99 bytes)
Event: 61.767 Thread 0x00007ffee981f800 nmethod 431 0x000000011082bb90 code [0x000000011082be40, 0x000000011082d710]
Event: 61.767 Thread 0x00007ffee981f800  432   !         java.lang.ProcessImpl::start (634 bytes)

GC Heap History (10 events):
Event: 56.872 GC heap before
{Heap before GC invocations=22 (full 0):
 PSYoungGen      total 48640K, used 47744K [0x00000007d5500000, 0x00000007d9b00000, 0x0000000800000000)
  eden space 47616K, 100% used [0x00000007d5500000,0x00000007d8380000,0x00000007d8380000)
  from space 1024K, 12% used [0x00000007d9900000,0x00000007d9920000,0x00000007d9a00000)
  to   space 1024K, 0% used [0x00000007d9a00000,0x00000007d9a00000,0x00000007d9b00000)
 ParOldGen       total 174592K, used 817K [0x0000000780000000, 0x000000078aa80000, 0x00000007d5500000)
  object space 174592K, 0% used [0x0000000780000000,0x00000007800cc470,0x000000078aa80000)
 PSPermGen       total 21504K, used 4268K [0x000000077ae00000, 0x000000077c300000, 0x0000000780000000)
  object space 21504K, 19% used [0x000000077ae00000,0x000000077b22b268,0x000000077c300000)
Event: 56.884 GC heap after
Heap after GC invocations=22 (full 0):
 PSYoungGen      total 47616K, used 192K [0x00000007d5500000, 0x00000007d9a80000, 0x0000000800000000)
  eden space 47104K, 0% used [0x00000007d5500000,0x00000007d5500000,0x00000007d8300000)
  from space 512K, 37% used [0x00000007d9a00000,0x00000007d9a30000,0x00000007d9a80000)
  to   space 1024K, 0% used [0x00000007d9880000,0x00000007d9880000,0x00000007d9980000)
 ParOldGen       total 174592K, used 825K [0x0000000780000000, 0x000000078aa80000, 0x00000007d5500000)
  object space 174592K, 0% used [0x0000000780000000,0x00000007800ce470,0x000000078aa80000)
 PSPermGen       total 21504K, used 4268K [0x000000077ae00000, 0x000000077c300000, 0x0000000780000000)
  object space 21504K, 19% used [0x000000077ae00000,0x000000077b22b268,0x000000077c300000)
}
Event: 58.511 GC heap before
{Heap before GC invocations=23 (full 0):
 PSYoungGen      total 47616K, used 47296K [0x00000007d5500000, 0x00000007d9a80000, 0x0000000800000000)
  eden space 47104K, 100% used [0x00000007d5500000,0x00000007d8300000,0x00000007d8300000)
  from space 512K, 37% used [0x00000007d9a00000,0x00000007d9a30000,0x00000007d9a80000)
  to   space 1024K, 0% used [0x00000007d9880000,0x00000007d9880000,0x00000007d9980000)
 ParOldGen       total 174592K, used 825K [0x0000000780000000, 0x000000078aa80000, 0x00000007d5500000)
  object space 174592K, 0% used [0x0000000780000000,0x00000007800ce470,0x000000078aa80000)
 PSPermGen       total 21504K, used 4268K [0x000000077ae00000, 0x000000077c300000, 0x0000000780000000)
  object space 21504K, 19% used [0x000000077ae00000,0x000000077b22b268,0x000000077c300000)
Event: 58.512 GC heap after
Heap after GC invocations=23 (full 0):
 PSYoungGen      total 47616K, used 96K [0x00000007d5500000, 0x00000007d9a80000, 0x0000000800000000)
  eden space 46592K, 0% used [0x00000007d5500000,0x00000007d5500000,0x00000007d8280000)
  from space 1024K, 9% used [0x00000007d9880000,0x00000007d9898000,0x00000007d9980000)
  to   space 1024K, 0% used [0x00000007d9980000,0x00000007d9980000,0x00000007d9a80000)
 ParOldGen       total 174592K, used 857K [0x0000000780000000, 0x000000078aa80000, 0x00000007d5500000)
  object space 174592K, 0% used [0x0000000780000000,0x00000007800d6470,0x000000078aa80000)
 PSPermGen       total 21504K, used 4268K [0x000000077ae00000, 0x000000077c300000, 0x0000000780000000)
  object space 21504K, 19% used [0x000000077ae00000,0x000000077b22b268,0x000000077c300000)
}
Event: 59.759 GC heap before
{Heap before GC invocations=24 (full 0):
 PSYoungGen      total 47616K, used 46688K [0x00000007d5500000, 0x00000007d9a80000, 0x0000000800000000)
  eden space 46592K, 100% used [0x00000007d5500000,0x00000007d8280000,0x00000007d8280000)
  from space 1024K, 9% used [0x00000007d9880000,0x00000007d9898000,0x00000007d9980000)
  to   space 1024K, 0% used [0x00000007d9980000,0x00000007d9980000,0x00000007d9a80000)
 ParOldGen       total 174592K, used 857K [0x0000000780000000, 0x000000078aa80000, 0x00000007d5500000)
  object space 174592K, 0% used [0x0000000780000000,0x00000007800d6470,0x000000078aa80000)
 PSPermGen       total 21504K, used 4268K [0x000000077ae00000, 0x000000077c300000, 0x0000000780000000)
  object space 21504K, 19% used [0x000000077ae00000,0x000000077b22b2c8,0x000000077c300000)
Event: 59.760 GC heap after
Heap after GC invocations=24 (full 0):
 PSYoungGen      total 46592K, used 96K [0x00000007d5500000, 0x00000007d9a00000, 0x0000000800000000)
  eden space 46080K, 0% used [0x00000007d5500000,0x00000007d5500000,0x00000007d8200000)
  from space 512K, 18% used [0x00000007d9980000,0x00000007d9998000,0x00000007d9a00000)
  to   space 1024K, 0% used [0x00000007d9800000,0x00000007d9800000,0x00000007d9900000)
 ParOldGen       total 174592K, used 865K [0x0000000780000000, 0x000000078aa80000, 0x00000007d5500000)
  object space 174592K, 0% used [0x0000000780000000,0x00000007800d8470,0x000000078aa80000)
 PSPermGen       total 21504K, used 4268K [0x000000077ae00000, 0x000000077c300000, 0x0000000780000000)
  object space 21504K, 19% used [0x000000077ae00000,0x000000077b22b2c8,0x000000077c300000)
}
Event: 61.087 GC heap before
{Heap before GC invocations=25 (full 0):
 PSYoungGen      total 46592K, used 46176K [0x00000007d5500000, 0x00000007d9a00000, 0x0000000800000000)
  eden space 46080K, 100% used [0x00000007d5500000,0x00000007d8200000,0x00000007d8200000)
  from space 512K, 18% used [0x00000007d9980000,0x00000007d9998000,0x00000007d9a00000)
  to   space 1024K, 0% used [0x00000007d9800000,0x00000007d9800000,0x00000007d9900000)
 ParOldGen       total 174592K, used 865K [0x0000000780000000, 0x000000078aa80000, 0x00000007d5500000)
  object space 174592K, 0% used [0x0000000780000000,0x00000007800d8470,0x000000078aa80000)
 PSPermGen       total 21504K, used 4271K [0x000000077ae00000, 0x000000077c300000, 0x0000000780000000)
  object space 21504K, 19% used [0x000000077ae00000,0x000000077b22bcf0,0x000000077c300000)
Event: 61.100 GC heap after
Heap after GC invocations=25 (full 0):
 PSYoungGen      total 46592K, used 192K [0x00000007d5500000, 0x00000007d9a00000, 0x0000000800000000)
  eden space 45568K, 0% used [0x00000007d5500000,0x00000007d5500000,0x00000007d8180000)
  from space 1024K, 18% used [0x00000007d9800000,0x00000007d9830000,0x00000007d9900000)
  to   space 1024K, 0% used [0x00000007d9900000,0x00000007d9900000,0x00000007d9a00000)
 ParOldGen       total 174592K, used 873K [0x0000000780000000, 0x000000078aa80000, 0x00000007d5500000)
  object space 174592K, 0% used [0x0000000780000000,0x00000007800da470,0x000000078aa80000)
 PSPermGen       total 21504K, used 4271K [0x000000077ae00000, 0x000000077c300000, 0x0000000780000000)
  object space 21504K, 19% used [0x000000077ae00000,0x000000077b22bcf0,0x000000077c300000)
}
Event: 62.343 GC heap before
{Heap before GC invocations=26 (full 0):
 PSYoungGen      total 46592K, used 45760K [0x00000007d5500000, 0x00000007d9a00000, 0x0000000800000000)
  eden space 45568K, 100% used [0x00000007d5500000,0x00000007d8180000,0x00000007d8180000)
  from space 1024K, 18% used [0x00000007d9800000,0x00000007d9830000,0x00000007d9900000)
  to   space 1024K, 0% used [0x00000007d9900000,0x00000007d9900000,0x00000007d9a00000)
 ParOldGen       total 174592K, used 873K [0x0000000780000000, 0x000000078aa80000, 0x00000007d5500000)
  object space 174592K, 0% used [0x0000000780000000,0x00000007800da470,0x000000078aa80000)
 PSPermGen       total 21504K, used 4271K [0x000000077ae00000, 0x000000077c300000, 0x0000000780000000)
  object space 21504K, 19% used [0x000000077ae00000,0x000000077b22be58,0x000000077c300000)
Event: 62.345 GC heap after
Heap after GC invocations=26 (full 0):
 PSYoungGen      total 45568K, used 224K [0x00000007d5500000, 0x00000007d9980000, 0x0000000800000000)
  eden space 45056K, 0% used [0x00000007d5500000,0x00000007d5500000,0x00000007d8100000)
  from space 512K, 43% used [0x00000007d9900000,0x00000007d9938000,0x00000007d9980000)
  to   space 1024K, 0% used [0x00000007d9780000,0x00000007d9780000,0x00000007d9880000)
 ParOldGen       total 174592K, used 889K [0x0000000780000000, 0x000000078aa80000, 0x00000007d5500000)
  object space 174592K, 0% used [0x0000000780000000,0x00000007800de470,0x000000078aa80000)
 PSPermGen       total 21504K, used 4271K [0x000000077ae00000, 0x000000077c300000, 0x0000000780000000)
  object space 21504K, 19% used [0x000000077ae00000,0x000000077b22be58,0x000000077c300000)
}

Deoptimization events (10 events):
Event: 6.531 Thread 0x00007ffee9bcb000 Uncommon trap: reason=bimorphic action=maybe_recompile pc=0x0000000110715c5c method=java.util.regex.Pattern$BmpCharProperty.match(Ljava/util/regex/Matcher;ILjava/lang/CharSequence;)Z @ 31
Event: 6.612 Thread 0x00007ffee9bcb000 Uncommon trap: reason=bimorphic action=maybe_recompile pc=0x0000000110715c5c method=java.util.regex.Pattern$BmpCharProperty.match(Ljava/util/regex/Matcher;ILjava/lang/CharSequence;)Z @ 31
Event: 6.612 Thread 0x00007ffee9bcb000 Uncommon trap: reason=bimorphic action=maybe_recompile pc=0x0000000110715c5c method=java.util.regex.Pattern$BmpCharProperty.match(Ljava/util/regex/Matcher;ILjava/lang/CharSequence;)Z @ 31
Event: 8.863 Thread 0x00007ffee9005000 Uncommon trap: reason=unreached action=reinterpret pc=0x000000011072f7a8 method=java.util.regex.Pattern.sequence(Ljava/util/regex/Pattern$Node;)Ljava/util/regex/Pattern$Node; @ 144
Event: 13.693 Thread 0x00007ffee9005000 Uncommon trap: reason=class_check action=maybe_recompile pc=0x000000011074e60c method=java.util.regex.Matcher.getTextLength()I @ 4
Event: 13.693 Thread 0x00007ffee9005000 Uncommon trap: reason=class_check action=maybe_recompile pc=0x000000011074e60c method=java.util.regex.Matcher.getTextLength()I @ 4
Event: 13.693 Thread 0x00007ffee9005000 Uncommon trap: reason=class_check action=maybe_recompile pc=0x000000011074e60c method=java.util.regex.Matcher.getTextLength()I @ 4
Event: 13.693 Thread 0x00007ffee9005000 Uncommon trap: reason=class_check action=maybe_recompile pc=0x000000011074e60c method=java.util.regex.Matcher.getTextLength()I @ 4
Event: 15.745 Thread 0x00007ffee9005000 Uncommon trap: reason=unloaded action=reinterpret pc=0x00000001106b3af0 method=sun.misc.FloatingDecimal.dtoa(IJI)V @ 1008
Event: 52.479 Thread 0x00007ffee9005000 Uncommon trap: reason=intrinsic action=make_not_entrant pc=0x00000001107f7e70 method=ega.games.EmpiricalPayoffs.addSample([D)V @ 48

Internal exceptions (10 events):
Event: 8.650 Thread 0x00007ffee9005000 Threw 0x00000007d59c77e8 at /HUDSON/workspace/7u-2-build-macosx-x86_64/jdk7u51/527/hotspot/src/share/vm/prims/jvm.cpp:1244
Event: 8.666 Thread 0x00007ffee9005000 Threw 0x00000007d5a0bf08 at /HUDSON/workspace/7u-2-build-macosx-x86_64/jdk7u51/527/hotspot/src/share/vm/prims/jvm.cpp:1244
Event: 8.749 Thread 0x00007ffee9005000 Threw 0x00000007d5a10580 at /HUDSON/workspace/7u-2-build-macosx-x86_64/jdk7u51/527/hotspot/src/share/vm/prims/jvm.cpp:1244
Event: 35.602 Thread 0x00007ffeea028800 Threw 0x00000007d5501730 at /HUDSON/workspace/7u-2-build-macosx-x86_64/jdk7u51/527/hotspot/src/share/vm/prims/jni.cpp:743
Event: 39.446 Thread 0x00007ffeea028800 Threw 0x00000007d6f2b3d0 at /HUDSON/workspace/7u-2-build-macosx-x86_64/jdk7u51/527/hotspot/src/share/vm/prims/jni.cpp:717
Event: 47.352 Thread 0x00007ffeea028800 Threw 0x00000007d56dd498 at /HUDSON/workspace/7u-2-build-macosx-x86_64/jdk7u51/527/hotspot/src/share/vm/prims/jni.cpp:717
Event: 50.568 Thread 0x00007ffeea028800 Threw 0x00000007d5c8d7b8 at /HUDSON/workspace/7u-2-build-macosx-x86_64/jdk7u51/527/hotspot/src/share/vm/prims/jni.cpp:743
Event: 53.377 Thread 0x00007ffeea028800 Threw 0x00000007d68a1108 at /HUDSON/workspace/7u-2-build-macosx-x86_64/jdk7u51/527/hotspot/src/share/vm/prims/jni.cpp:743
Event: 55.612 Thread 0x00007ffeea028800 Threw 0x00000007d63cb9b8 at /HUDSON/workspace/7u-2-build-macosx-x86_64/jdk7u51/527/hotspot/src/share/vm/prims/jni.cpp:717
Event: 59.330 Thread 0x00007ffeea028800 Threw 0x00000007d60a9148 at /HUDSON/workspace/7u-2-build-macosx-x86_64/jdk7u51/527/hotspot/src/share/vm/prims/jni.cpp:743

Events (10 events):
Event: 62.653 Thread 0x00007ffeeda06000 Thread added: 0x00007ffeeda06000
Event: 62.681 Thread 0x00007ffeeda06000 Thread exited: 0x00007ffeeda06000
Event: 62.684 Thread 0x00007ffeeda06000 Thread added: 0x00007ffeeda06000
Event: 62.716 Thread 0x00007ffeeda06000 Thread exited: 0x00007ffeeda06000
Event: 62.717 Thread 0x00007ffeeda06000 Thread added: 0x00007ffeeda06000
Event: 62.758 Thread 0x00007ffeeda06000 Thread exited: 0x00007ffeeda06000
Event: 62.760 Thread 0x00007ffeeda06000 Thread added: 0x00007ffeeda06000
Event: 62.791 Thread 0x00007ffeeda06000 Thread exited: 0x00007ffeeda06000
Event: 62.793 Thread 0x00007ffeeda06000 Thread added: 0x00007ffeeda06000
Event: 62.818 Thread 0x00007ffeeda06000 Thread exited: 0x00007ffeeda06000


Dynamic libraries:
0x0000000000b4f000 	/System/Library/Frameworks/Cocoa.framework/Versions/A/Cocoa
0x0000000000b4f000 	/System/Library/Frameworks/Security.framework/Versions/A/Security
0x0000000000b4f000 	/System/Library/Frameworks/ApplicationServices.framework/Versions/A/ApplicationServices
0x0000000000b4f000 	/usr/lib/libz.1.dylib
0x0000000000b4f000 	/usr/lib/libSystem.B.dylib
0x0000000000b4f000 	/usr/lib/libobjc.A.dylib
0x0000000000b4f000 	/System/Library/Frameworks/CoreFoundation.framework/Versions/A/CoreFoundation
0x0000000000b4f000 	/System/Library/Frameworks/Foundation.framework/Versions/C/Foundation
0x0000000000b4f000 	/System/Library/Frameworks/AppKit.framework/Versions/C/AppKit
0x0000000000b4f000 	/System/Library/Frameworks/CoreData.framework/Versions/A/CoreData
0x0000000000b4f000 	/System/Library/PrivateFrameworks/RemoteViewServices.framework/Versions/A/RemoteViewServices
0x0000000000b4f000 	/System/Library/PrivateFrameworks/UIFoundation.framework/Versions/A/UIFoundation
0x0000000000b4f000 	/System/Library/Frameworks/IOSurface.framework/Versions/A/IOSurface
0x0000000000b4f000 	/System/Library/Frameworks/AudioToolbox.framework/Versions/A/AudioToolbox
0x0000000000b4f000 	/System/Library/Frameworks/AudioUnit.framework/Versions/A/AudioUnit
0x0000000000b4f000 	/System/Library/PrivateFrameworks/DataDetectorsCore.framework/Versions/A/DataDetectorsCore
0x0000000000b4f000 	/System/Library/PrivateFrameworks/DesktopServicesPriv.framework/Versions/A/DesktopServicesPriv
0x0000000000b4f000 	/System/Library/Frameworks/Carbon.framework/Versions/A/Frameworks/HIToolbox.framework/Versions/A/HIToolbox
0x0000000000b4f000 	/System/Library/Frameworks/QuartzCore.framework/Versions/A/QuartzCore
0x0000000000b4f000 	/System/Library/Frameworks/Carbon.framework/Versions/A/Frameworks/SpeechRecognition.framework/Versions/A/SpeechRecognition
0x0000000000b4f000 	/usr/lib/libauto.dylib
0x0000000000b4f000 	/usr/lib/libicucore.A.dylib
0x0000000000b4f000 	/usr/lib/libxml2.2.dylib
0x0000000000b4f000 	/System/Library/PrivateFrameworks/CoreUI.framework/Versions/A/CoreUI
0x0000000000b4f000 	/System/Library/Frameworks/CoreAudio.framework/Versions/A/CoreAudio
0x0000000000b4f000 	/System/Library/Frameworks/DiskArbitration.framework/Versions/A/DiskArbitration
0x0000000000b4f000 	/usr/lib/liblangid.dylib
0x0000000000b4f000 	/System/Library/PrivateFrameworks/MultitouchSupport.framework/Versions/A/MultitouchSupport
0x0000000000b4f000 	/System/Library/Frameworks/IOKit.framework/Versions/A/IOKit
0x0000000000b4f000 	/usr/lib/libDiagnosticMessagesClient.dylib
0x0000000000b4f000 	/System/Library/Frameworks/CoreServices.framework/Versions/A/CoreServices
0x0000000000b4f000 	/System/Library/PrivateFrameworks/PerformanceAnalysis.framework/Versions/A/PerformanceAnalysis
0x0000000000b4f000 	/System/Library/PrivateFrameworks/GenerationalStorage.framework/Versions/A/GenerationalStorage
0x0000000000b4f000 	/System/Library/Frameworks/OpenGL.framework/Versions/A/OpenGL
0x0000000000b4f000 	/System/Library/PrivateFrameworks/Sharing.framework/Versions/A/Sharing
0x0000000000b4f000 	/System/Library/Frameworks/CoreGraphics.framework/Versions/A/CoreGraphics
0x0000000000b4f000 	/System/Library/Frameworks/CoreText.framework/Versions/A/CoreText
0x0000000000b4f000 	/System/Library/Frameworks/ImageIO.framework/Versions/A/ImageIO
0x0000000000b4f000 	/usr/lib/libextension.dylib
0x0000000000b4f000 	/System/Library/PrivateFrameworks/Backup.framework/Versions/A/Backup
0x0000000000b4f000 	/usr/lib/libarchive.2.dylib
0x0000000000b4f000 	/System/Library/Frameworks/CFNetwork.framework/Versions/A/CFNetwork
0x0000000000b4f000 	/System/Library/Frameworks/SystemConfiguration.framework/Versions/A/SystemConfiguration
0x0000000000b4f000 	/usr/lib/libCRFSuite.dylib
0x0000000000b4f000 	/usr/lib/libc++.1.dylib
0x0000000000b4f000 	/usr/lib/libc++abi.dylib
0x0000000000b4f000 	/usr/lib/system/libcache.dylib
0x0000000000b4f000 	/usr/lib/system/libcommonCrypto.dylib
0x0000000000b4f000 	/usr/lib/system/libcompiler_rt.dylib
0x0000000000b4f000 	/usr/lib/system/libcopyfile.dylib
0x0000000000b4f000 	/usr/lib/system/libcorecrypto.dylib
0x0000000000b4f000 	/usr/lib/system/libdispatch.dylib
0x0000000000b4f000 	/usr/lib/system/libdyld.dylib
0x0000000000b4f000 	/usr/lib/system/libkeymgr.dylib
0x0000000000b4f000 	/usr/lib/system/liblaunch.dylib
0x0000000000b4f000 	/usr/lib/system/libmacho.dylib
0x0000000000b4f000 	/usr/lib/system/libquarantine.dylib
0x0000000000b4f000 	/usr/lib/system/libremovefile.dylib
0x0000000000b4f000 	/usr/lib/system/libsystem_asl.dylib
0x0000000000b4f000 	/usr/lib/system/libsystem_blocks.dylib
0x0000000000b4f000 	/usr/lib/system/libsystem_c.dylib
0x0000000000b4f000 	/usr/lib/system/libsystem_configuration.dylib
0x0000000000b4f000 	/usr/lib/system/libsystem_coreservices.dylib
0x0000000000b4f000 	/usr/lib/system/libsystem_coretls.dylib
0x0000000000b4f000 	/usr/lib/system/libsystem_dnssd.dylib
0x0000000000b4f000 	/usr/lib/system/libsystem_info.dylib
0x0000000000b4f000 	/usr/lib/system/libsystem_kernel.dylib
0x0000000000b4f000 	/usr/lib/system/libsystem_m.dylib
0x0000000000b4f000 	/usr/lib/system/libsystem_malloc.dylib
0x0000000000b4f000 	/usr/lib/system/libsystem_network.dylib
0x0000000000b4f000 	/usr/lib/system/libsystem_networkextension.dylib
0x0000000000b4f000 	/usr/lib/system/libsystem_notify.dylib
0x0000000000b4f000 	/usr/lib/system/libsystem_platform.dylib
0x0000000000b4f000 	/usr/lib/system/libsystem_pthread.dylib
0x0000000000b4f000 	/usr/lib/system/libsystem_sandbox.dylib
0x0000000000b4f000 	/usr/lib/system/libsystem_secinit.dylib
0x0000000000b4f000 	/usr/lib/system/libsystem_stats.dylib
0x0000000000b4f000 	/usr/lib/system/libsystem_trace.dylib
0x0000000000b4f000 	/usr/lib/system/libunc.dylib
0x0000000000b4f000 	/usr/lib/system/libunwind.dylib
0x0000000000b4f000 	/usr/lib/system/libxpc.dylib
0x0000000000b4f000 	/usr/lib/libbz2.1.0.dylib
0x0000000000b4f000 	/usr/lib/liblzma.5.dylib
0x0000000000b4f000 	/usr/lib/libbsm.0.dylib
0x0000000000b4f000 	/usr/lib/libsqlite3.dylib
0x0000000000b4f000 	/usr/lib/system/libkxld.dylib
0x0000000000b4f000 	/usr/lib/libxar.1.dylib
0x0000000000b4f000 	/usr/lib/libpam.2.dylib
0x0000000000b4f000 	/usr/lib/libOpenScriptingUtil.dylib
0x0000000000b4f000 	/System/Library/Frameworks/CoreServices.framework/Versions/A/Frameworks/FSEvents.framework/Versions/A/FSEvents
0x0000000000b4f000 	/System/Library/Frameworks/CoreServices.framework/Versions/A/Frameworks/CarbonCore.framework/Versions/A/CarbonCore
0x0000000000b4f000 	/System/Library/Frameworks/CoreServices.framework/Versions/A/Frameworks/Metadata.framework/Versions/A/Metadata
0x0000000000b4f000 	/System/Library/Frameworks/CoreServices.framework/Versions/A/Frameworks/OSServices.framework/Versions/A/OSServices
0x0000000000b4f000 	/System/Library/Frameworks/CoreServices.framework/Versions/A/Frameworks/SearchKit.framework/Versions/A/SearchKit
0x0000000000b4f000 	/System/Library/Frameworks/CoreServices.framework/Versions/A/Frameworks/AE.framework/Versions/A/AE
0x0000000000b4f000 	/System/Library/Frameworks/CoreServices.framework/Versions/A/Frameworks/LaunchServices.framework/Versions/A/LaunchServices
0x0000000000b4f000 	/System/Library/Frameworks/CoreServices.framework/Versions/A/Frameworks/DictionaryServices.framework/Versions/A/DictionaryServices
0x0000000000b4f000 	/System/Library/Frameworks/NetFS.framework/Versions/A/NetFS
0x0000000000b4f000 	/System/Library/PrivateFrameworks/NetAuth.framework/Versions/A/NetAuth
0x0000000000b4f000 	/System/Library/PrivateFrameworks/login.framework/Versions/A/Frameworks/loginsupport.framework/Versions/A/loginsupport
0x0000000000b4f000 	/System/Library/PrivateFrameworks/TCC.framework/Versions/A/TCC
0x0000000000b4f000 	/usr/lib/libmecabra.dylib
0x0000000000b4f000 	/System/Library/PrivateFrameworks/LanguageModeling.framework/Versions/A/LanguageModeling
0x0000000000b4f000 	/usr/lib/libcmph.dylib
0x0000000000b4f000 	/usr/lib/libiconv.2.dylib
0x0000000000b4f000 	/System/Library/Frameworks/OpenDirectory.framework/Versions/A/Frameworks/CFOpenDirectory.framework/Versions/A/CFOpenDirectory
0x0000000000b4f000 	/System/Library/Frameworks/ServiceManagement.framework/Versions/A/ServiceManagement
0x0000000000b4f000 	/usr/lib/libxslt.1.dylib
0x0000000000b4f000 	/System/Library/Frameworks/Carbon.framework/Versions/A/Frameworks/Ink.framework/Versions/A/Ink
0x0000000000b4f000 	/System/Library/Frameworks/ApplicationServices.framework/Versions/A/Frameworks/ATS.framework/Versions/A/ATS
0x0000000000b4f000 	/System/Library/Frameworks/ApplicationServices.framework/Versions/A/Frameworks/ColorSync.framework/Versions/A/ColorSync
0x0000000000b4f000 	/System/Library/Frameworks/ApplicationServices.framework/Versions/A/Frameworks/HIServices.framework/Versions/A/HIServices
0x0000000000b4f000 	/System/Library/Frameworks/ApplicationServices.framework/Versions/A/Frameworks/LangAnalysis.framework/Versions/A/LangAnalysis
0x0000000000b4f000 	/System/Library/Frameworks/ApplicationServices.framework/Versions/A/Frameworks/PrintCore.framework/Versions/A/PrintCore
0x0000000000b4f000 	/System/Library/Frameworks/ApplicationServices.framework/Versions/A/Frameworks/QD.framework/Versions/A/QD
0x0000000000b4f000 	/System/Library/Frameworks/ApplicationServices.framework/Versions/A/Frameworks/SpeechSynthesis.framework/Versions/A/SpeechSynthesis
0x0000000000b4f000 	/System/Library/Frameworks/Accelerate.framework/Versions/A/Accelerate
0x0000000000b4f000 	/System/Library/Frameworks/Accelerate.framework/Versions/A/Frameworks/vImage.framework/Versions/A/vImage
0x0000000000b4f000 	/System/Library/Frameworks/Accelerate.framework/Versions/A/Frameworks/vecLib.framework/Versions/A/vecLib
0x0000000000b4f000 	/System/Library/Frameworks/Accelerate.framework/Versions/A/Frameworks/vecLib.framework/Versions/A/libvDSP.dylib
0x0000000000b4f000 	/System/Library/Frameworks/Accelerate.framework/Versions/A/Frameworks/vecLib.framework/Versions/A/libvMisc.dylib
0x0000000000b4f000 	/System/Library/Frameworks/Accelerate.framework/Versions/A/Frameworks/vecLib.framework/Versions/A/libLAPACK.dylib
0x0000000000b4f000 	/System/Library/Frameworks/Accelerate.framework/Versions/A/Frameworks/vecLib.framework/Versions/A/libBLAS.dylib
0x0000000000b4f000 	/System/Library/Frameworks/Accelerate.framework/Versions/A/Frameworks/vecLib.framework/Versions/A/libLinearAlgebra.dylib
0x0000000000b4f000 	/System/Library/Frameworks/ApplicationServices.framework/Versions/A/Frameworks/ATS.framework/Versions/A/Resources/libFontParser.dylib
0x0000000000b4f000 	/System/Library/Frameworks/ApplicationServices.framework/Versions/A/Frameworks/ATS.framework/Versions/A/Resources/libFontRegistry.dylib
0x0000000000b4f000 	/System/Library/PrivateFrameworks/AppleVPA.framework/Versions/A/AppleVPA
0x0000000000b4f000 	/System/Library/PrivateFrameworks/AppleJPEG.framework/Versions/A/AppleJPEG
0x0000000000b4f000 	/System/Library/Frameworks/ImageIO.framework/Versions/A/Resources/libJPEG.dylib
0x0000000000b4f000 	/System/Library/Frameworks/ImageIO.framework/Versions/A/Resources/libTIFF.dylib
0x0000000000b4f000 	/System/Library/Frameworks/ImageIO.framework/Versions/A/Resources/libPng.dylib
0x0000000000b4f000 	/System/Library/Frameworks/ImageIO.framework/Versions/A/Resources/libGIF.dylib
0x0000000000b4f000 	/System/Library/Frameworks/ImageIO.framework/Versions/A/Resources/libJP2.dylib
0x0000000000b4f000 	/System/Library/Frameworks/ImageIO.framework/Versions/A/Resources/libRadiance.dylib
0x0000000000b4f000 	/System/Library/Frameworks/CoreVideo.framework/Versions/A/CoreVideo
0x0000000000b4f000 	/System/Library/Frameworks/OpenGL.framework/Versions/A/Libraries/libGLU.dylib
0x0000000000b4f000 	/System/Library/Frameworks/OpenGL.framework/Versions/A/Libraries/libGFXShared.dylib
0x0000000000b4f000 	/System/Library/Frameworks/OpenGL.framework/Versions/A/Libraries/libGL.dylib
0x0000000000b4f000 	/System/Library/Frameworks/OpenGL.framework/Versions/A/Libraries/libGLImage.dylib
0x0000000000b4f000 	/System/Library/Frameworks/OpenGL.framework/Versions/A/Libraries/libCVMSPluginSupport.dylib
0x0000000000b4f000 	/System/Library/Frameworks/OpenGL.framework/Versions/A/Libraries/libCoreVMClient.dylib
0x0000000000b4f000 	/usr/lib/libcups.2.dylib
0x0000000000b4f000 	/System/Library/Frameworks/Kerberos.framework/Versions/A/Kerberos
0x0000000000b4f000 	/System/Library/Frameworks/GSS.framework/Versions/A/GSS
0x0000000000b4f000 	/usr/lib/libresolv.9.dylib
0x0000000000b4f000 	/System/Library/PrivateFrameworks/Heimdal.framework/Versions/A/Heimdal
0x0000000000b4f000 	/usr/lib/libheimdal-asn1.dylib
0x0000000000b4f000 	/System/Library/Frameworks/OpenDirectory.framework/Versions/A/OpenDirectory
0x0000000000b4f000 	/System/Library/PrivateFrameworks/CommonAuth.framework/Versions/A/CommonAuth
0x0000000000b4f000 	/System/Library/Frameworks/SecurityFoundation.framework/Versions/A/SecurityFoundation
0x0000000000b4f000 	/System/Library/Frameworks/QuartzCore.framework/Versions/A/Frameworks/CoreImage.framework/Versions/A/CoreImage
0x0000000000b4f000 	/System/Library/PrivateFrameworks/CrashReporterSupport.framework/Versions/A/CrashReporterSupport
0x0000000000b4f000 	/System/Library/Frameworks/OpenCL.framework/Versions/A/OpenCL
0x0000000000b4f000 	/System/Library/PrivateFrameworks/FaceCore.framework/Versions/A/FaceCore
0x0000000000b4f000 	/System/Library/PrivateFrameworks/Ubiquity.framework/Versions/A/Ubiquity
0x0000000000b4f000 	/System/Library/PrivateFrameworks/IconServices.framework/Versions/A/IconServices
0x0000000000b4f000 	/System/Library/PrivateFrameworks/ChunkingLibrary.framework/Versions/A/ChunkingLibrary
0x0000000000b4f000 	/System/Library/PrivateFrameworks/Apple80211.framework/Versions/A/Apple80211
0x0000000000b4f000 	/System/Library/Frameworks/CoreWLAN.framework/Versions/A/CoreWLAN
0x0000000000b4f000 	/System/Library/Frameworks/IOBluetooth.framework/Versions/A/IOBluetooth
0x0000000000b4f000 	/System/Library/PrivateFrameworks/CoreWiFi.framework/Versions/A/CoreWiFi
0x0000000000b4f000 	/System/Library/Frameworks/CoreBluetooth.framework/Versions/A/CoreBluetooth
0x0000000000b4f000 	/System/Library/PrivateFrameworks/DebugSymbols.framework/Versions/A/DebugSymbols
0x0000000000b4f000 	/System/Library/PrivateFrameworks/CoreSymbolication.framework/Versions/A/CoreSymbolication
0x0000000000b4f000 	/System/Library/PrivateFrameworks/Symbolication.framework/Versions/A/Symbolication
0x0000000000b4f000 	/System/Library/PrivateFrameworks/SpeechRecognitionCore.framework/Versions/A/SpeechRecognitionCore
0x000000010f644000 	/Library/Java/JavaVirtualMachines/jdk1.7.0_51.jdk/Contents/Home/jre/lib/server/libjvm.dylib
0x0000000000b4f000 	/usr/lib/libstdc++.6.dylib
0x000000011019a000 	/Library/Java/JavaVirtualMachines/jdk1.7.0_51.jdk/Contents/Home/jre/lib/libverify.dylib
0x00000001101a7000 	/Library/Java/JavaVirtualMachines/jdk1.7.0_51.jdk/Contents/Home/jre/lib/libjava.dylib
0x0000000110600000 	/Library/Java/JavaVirtualMachines/jdk1.7.0_51.jdk/Contents/Home/jre/lib/libjdwp.dylib
0x00000001101ef000 	/Library/Java/JavaVirtualMachines/jdk1.7.0_51.jdk/Contents/Home/jre/lib/libnpt.dylib
0x000000011063d000 	/Library/Java/JavaVirtualMachines/jdk1.7.0_51.jdk/Contents/Home/jre/lib/libzip.dylib
0x000000011966c000 	/System/Library/Frameworks/JavaVM.framework/Frameworks/JavaRuntimeSupport.framework/JavaRuntimeSupport
0x0000000119684000 	/System/Library/Frameworks/JavaVM.framework/Versions/A/Frameworks/JavaNativeFoundation.framework/Versions/A/JavaNativeFoundation
0x0000000119699000 	/System/Library/Frameworks/JavaVM.framework/Versions/A/JavaVM
0x0000000000b4f000 	/System/Library/Frameworks/Carbon.framework/Versions/A/Carbon
0x00000001196a6000 	/System/Library/PrivateFrameworks/JavaLaunching.framework/Versions/A/JavaLaunching
0x0000000000b4f000 	/System/Library/Frameworks/Carbon.framework/Versions/A/Frameworks/CommonPanels.framework/Versions/A/CommonPanels
0x0000000000b4f000 	/System/Library/Frameworks/Carbon.framework/Versions/A/Frameworks/Help.framework/Versions/A/Help
0x0000000000b4f000 	/System/Library/Frameworks/Carbon.framework/Versions/A/Frameworks/ImageCapture.framework/Versions/A/ImageCapture
0x0000000000b4f000 	/System/Library/Frameworks/Carbon.framework/Versions/A/Frameworks/OpenScripting.framework/Versions/A/OpenScripting
0x0000000000b4f000 	/System/Library/Frameworks/Carbon.framework/Versions/A/Frameworks/Print.framework/Versions/A/Print
0x0000000000b4f000 	/System/Library/Frameworks/Carbon.framework/Versions/A/Frameworks/SecurityHI.framework/Versions/A/SecurityHI
0x000000011af31000 	/Library/Java/JavaVirtualMachines/jdk1.7.0_51.jdk/Contents/Home/jre/lib/libdt_socket.dylib
0x00000001196b2000 	/Library/Java/JavaVirtualMachines/jdk1.7.0_51.jdk/Contents/Home/jre/lib/libnet.dylib
0x00000001196c7000 	/Library/Java/JavaVirtualMachines/jdk1.7.0_51.jdk/Contents/Home/jre/lib/libnio.dylib

VM Arguments:
jvm_args: -agentlib:jdwp=transport=dt_socket,suspend=y,address=localhost:51252 -Xmx2048M -Dfile.encoding=US-ASCII 
java_command: ega.Referee
Launcher Type: SUN_STANDARD

Environment Variables:
PATH=/usr/bin:/bin:/usr/sbin:/sbin
SHELL=/bin/bash

Signal Handlers:
SIGSEGV: [libjvm.dylib+0x525425], sa_mask[0]=0xfffefeff, sa_flags=0x00000043
SIGBUS: [libjvm.dylib+0x525425], sa_mask[0]=0xfffefeff, sa_flags=0x00000042
SIGFPE: [libjvm.dylib+0x41892a], sa_mask[0]=0xfffefeff, sa_flags=0x00000042
SIGPIPE: [libjvm.dylib+0x41892a], sa_mask[0]=0xfffefeff, sa_flags=0x00000042
SIGXFSZ: [libjvm.dylib+0x41892a], sa_mask[0]=0xfffefeff, sa_flags=0x00000042
SIGILL: [libjvm.dylib+0x41892a], sa_mask[0]=0xfffefeff, sa_flags=0x00000042
SIGUSR1: SIG_DFL, sa_mask[0]=0x00000000, sa_flags=0x00000000
SIGUSR2: [libjvm.dylib+0x41841c], sa_mask[0]=0x00000004, sa_flags=0x00000042
SIGHUP: [libjvm.dylib+0x4166ab], sa_mask[0]=0xfffefeff, sa_flags=0x00000042
SIGINT: [libjvm.dylib+0x4166ab], sa_mask[0]=0xfffefeff, sa_flags=0x00000042
SIGTERM: [libjvm.dylib+0x4166ab], sa_mask[0]=0xfffefeff, sa_flags=0x00000042
SIGQUIT: [libjvm.dylib+0x4166ab], sa_mask[0]=0xfffefeff, sa_flags=0x00000042


---------------  S Y S T E M  ---------------

OS:Bsduname:Darwin 14.0.0 Darwin Kernel Version 14.0.0: Fri Sep 19 00:26:44 PDT 2014; root:xnu-2782.1.97~2/RELEASE_X86_64 x86_64
rlimit: STACK 8192k, CORE 0k, NPROC 709, NOFILE 10240, AS infinity
load average:25.35 20.19 14.59

CPU:total 2 (2 cores per cpu, 1 threads per core) family 6 model 23 stepping 10, cmov, cx8, fxsr, mmx, sse, sse2, sse3, ssse3, sse4.1, tsc

Memory: 4k page, physical 16777216k(4194304k free)

/proc/meminfo:


vm_info: Java HotSpot(TM) 64-Bit Server VM (24.51-b03) for bsd-amd64 JRE (1.7.0_51-b13), built on Dec 18 2013 18:45:56 by "java_re" with gcc 4.2.1 (Based on Apple Inc. build 5658) (LLVM build 2336.11.00)

time: Sun Jan 25 13:16:03 2015
elapsed time: 62 seconds

