#
# A fatal error has been detected by the Java Runtime Environment:
#
#  SIGSEGV (0xb) at pc=0x000000010fc5737c, pid=49795, tid=15875
#
# JRE version: Java(TM) SE Runtime Environment (7.0_51-b13) (build 1.7.0_51-b13)
# Java VM: Java HotSpot(TM) 64-Bit Server VM (24.51-b03 mixed mode bsd-amd64 compressed oops)
# Problematic frame:
# V  [libjvm.dylib+0x33337c]  jvmti_IsMethodSynthetic+0xb9
#
# Failed to write core dump. Core dumps have been disabled. To enable core dumping, try "ulimit -c unlimited" before starting Java again
#
# If you would like to submit a bug report, please visit:
#   http://bugreport.sun.com/bugreport/crash.jsp
#

---------------  T H R E A D  ---------------

Current thread (0x00007f8dd202e800):  JavaThread "JDWP Transport Listener: dt_socket" daemon [_thread_in_vm, id=15875, stack(0x000000011b29b000,0x000000011b39b000)]

siginfo:si_signo=SIGSEGV: si_errno=0, si_code=1 (SEGV_MAPERR), si_addr=0x0000000000000001

Registers:
RAX=0x0000000000000001, RBX=0x000000011b39aa8b, RCX=0x00000000000fc080, RDX=0x000000011b39aa8b
RSP=0x000000011b39a9f0, RBP=0x000000011b39aa40, RSI=0x00007f8dd202e800, RDI=0x00007f8dd1d113e0
R8 =0x0000000000000003, R9 =0x00007f8dd1c00000, R10=0x0000000000000020, R11=0x00007f8dd1c00000
R12=0x00007f8dd202e800, R13=0x0000000000000001, R14=0x0000000000000001, R15=0x00007f8dd1d113e0
RIP=0x000000010fc5737c, EFLAGS=0x0000000000010202, ERR=0x0000000000000004
  TRAPNO=0x000000000000000e

Top of Stack: (sp=0x000000011b39a9f0)
0x000000011b39a9f0:   00007f8dd202e800 0000000000000000
0x000000011b39aa00:   0000000000000000 0000000000000000
0x000000011b39aa10:   00007f8dd202e800 00007f8dd202e800
0x000000011b39aa20:   000000011b39aa8b 000000011b39aa90
0x000000011b39aa30:   0000000000000001 0000000000000025
0x000000011b39aa40:   000000011b39aa60 00000001104d81f8
0x000000011b39aa50:   0000000000000001 000000011b39ab08
0x000000011b39aa60:   000000011b39aad0 00000001104bd02b
0x000000011b39aa70:   000000011b39aaa0 00007f8dd1c46a40
0x000000011b39aa80:   0000002600000032 000000090039ab08
0x000000011b39aa90:   0000000000000000 0000000000000000
0x000000011b39aaa0:   0000000000000000 000000011b39ac90
0x000000011b39aab0:   00000001104dfdc0 00007f8dd1c41fa0
0x000000011b39aac0:   000000011b39ab08 00000001104eb578
0x000000011b39aad0:   000000011b39aae0 00000001104bd124
0x000000011b39aae0:   000000011b39ad00 00000001104c66b2
0x000000011b39aaf0:   000028fa00000013 00000000000f0200
0x000000011b39ab00:   00007f8dd1c42a40 00007f8dd201ca47
0x000000011b39ab10:   00007f8d00000519 00007f8dd1c43890
0x000000011b39ab20:   00007f8d0000012c 000000011b39ab58
0x000000011b39ab30:   00007f8dd1c42670 0000000000000000
0x000000011b39ab40:   000028fa0000001c 0000000000000080
0x000000011b39ab50:   000000011b39ab58 8d7f000026000000
0x000000011b39ab60:   09000000b067c4d1 6d6167746e697270
0x000000011b39ab70:   654c281900000065 73656d61672f6167
0x000000011b39ab80:   4778697274614d2f 000056293b656d61
0x000000011b39ab90:   00000a0000000000 0000985cc1d18d7f
0x000000011b39aba0:   3e74696e693c0600 4c5b5b282d000000
0x000000011b39abb0:   6974752f6176616a 493b7473694c2f6c
0x000000011b39abc0:   6d61672f6167654c 697274614d2f7365
0x000000011b39abd0:   29493b656d614778 5b5b284200000056
0x000000011b39abe0:   74752f6176616a4c 3c7473694c2f6c69 

Instructions: (pc=0x000000010fc5737c)
0x000000010fc5735c:   00 00 00 41 f6 87 68 01 00 00 10 75 07 b8 63 00
0x000000010fc5736c:   00 00 eb 7a 4d 85 f6 75 07 b8 17 00 00 00 eb 6e
0x000000010fc5737c:   4d 8b 36 48 b8 fe fe fe fe fe fe fe fe 49 39 c6
0x000000010fc5738c:   74 e7 4d 85 f6 74 e2 48 8d 05 f6 f8 4c 00 80 38 

Register to memory mapping:

RAX=0x0000000000000001 is an unknown value
RBX=0x000000011b39aa8b is pointing into the stack for thread: 0x00007f8dd202e800
RCX=0x00000000000fc080 is an unknown value
RDX=0x000000011b39aa8b is pointing into the stack for thread: 0x00007f8dd202e800
RSP=0x000000011b39a9f0 is pointing into the stack for thread: 0x00007f8dd202e800
RBP=0x000000011b39aa40 is pointing into the stack for thread: 0x00007f8dd202e800
RSI=0x00007f8dd202e800 is a thread
RDI=0x00007f8dd1d113e0 is an unknown value
R8 =0x0000000000000003 is an unknown value
R9 =0x00007f8dd1c00000 is an unknown value
R10=0x0000000000000020 is an unknown value
R11=0x00007f8dd1c00000 is an unknown value
R12=0x00007f8dd202e800 is a thread
R13=0x0000000000000001 is an unknown value
R14=0x0000000000000001 is an unknown value
R15=0x00007f8dd1d113e0 is an unknown value


Stack: [0x000000011b29b000,0x000000011b39b000],  sp=0x000000011b39a9f0,  free space=1022k
Native frames: (J=compiled Java code, j=interpreted, Vv=VM code, C=native code)
V  [libjvm.dylib+0x33337c]  jvmti_IsMethodSynthetic+0xb9
C  [libjdwp.dylib+0x201f8]  isMethodSynthetic+0x63
C  [libjdwp.dylib+0x502b]  methods1+0x10b
C  [libjdwp.dylib+0x5124]  methodsWithGeneric+0xe
C  [libjdwp.dylib+0xe6b2]  debugLoop_run+0x1ce
C  [libjdwp.dylib+0x1f132]  attachThread+0x4d
V  [libjvm.dylib+0x373f9e]  JvmtiAgentThread::call_start_function()+0x38
V  [libjvm.dylib+0x4efb57]  JavaThread::thread_main_inner()+0x9b
V  [libjvm.dylib+0x4f125f]  JavaThread::run()+0x1a3
V  [libjvm.dylib+0x41b1d6]  java_start(Thread*)+0x126
C  [libsystem_pthread.dylib+0x32fc]  _pthread_body+0x83
C  [libsystem_pthread.dylib+0x3279]  _pthread_body+0x0
C  [libsystem_pthread.dylib+0x14b1]  thread_start+0xd


---------------  P R O C E S S  ---------------

Java Threads: ( => current thread )
  0x00007f8dd2859000 JavaThread "Service Thread" daemon [_thread_blocked, id=18435, stack(0x000000011b7aa000,0x000000011b8aa000)]
  0x00007f8dd2858000 JavaThread "C2 CompilerThread1" daemon [_thread_blocked, id=17923, stack(0x000000011b6a7000,0x000000011b7a7000)]
  0x00007f8dd2855000 JavaThread "C2 CompilerThread0" daemon [_thread_blocked, id=17411, stack(0x000000011b5a4000,0x000000011b6a4000)]
  0x00007f8dd2031000 JavaThread "JDWP Command Reader" daemon [_thread_in_native, id=16899, stack(0x000000011b4a1000,0x000000011b5a1000)]
  0x00007f8dd202f000 JavaThread "JDWP Event Helper Thread" daemon [_thread_blocked, id=16387, stack(0x000000011b39e000,0x000000011b49e000)]
=>0x00007f8dd202e800 JavaThread "JDWP Transport Listener: dt_socket" daemon [_thread_in_vm, id=15875, stack(0x000000011b29b000,0x000000011b39b000)]
  0x00007f8dd280e800 JavaThread "Signal Dispatcher" daemon [_thread_blocked, id=15379, stack(0x000000011b192000,0x000000011b292000)]
  0x00007f8dd2853000 JavaThread "Finalizer" daemon [_thread_blocked, id=11011, stack(0x0000000119864000,0x0000000119964000)]
  0x00007f8dd2014000 JavaThread "Reference Handler" daemon [_thread_blocked, id=10499, stack(0x0000000119761000,0x0000000119861000)]
  0x00007f8dd2801000 JavaThread "main" [_thread_blocked, id=3331, stack(0x0000000110378000,0x0000000110478000)]

Other Threads:
  0x00007f8dd2013800 VMThread [stack: 0x000000011965e000,0x000000011975e000] [id=9987]
  0x00007f8dd2859800 WatcherThread [stack: 0x000000011b8ad000,0x000000011b9ad000] [id=18947]

VM state:not at safepoint (normal execution)

VM Mutex/Monitor currently owned by a thread: None

Heap
 PSYoungGen      total 76800K, used 15852K [0x00000007d5500000, 0x00000007daa80000, 0x0000000800000000)
  eden space 66048K, 24% used [0x00000007d5500000,0x00000007d647b288,0x00000007d9580000)
  from space 10752K, 0% used [0x00000007da000000,0x00000007da000000,0x00000007daa80000)
  to   space 10752K, 0% used [0x00000007d9580000,0x00000007d9580000,0x00000007da000000)
 ParOldGen       total 174592K, used 0K [0x0000000780000000, 0x000000078aa80000, 0x00000007d5500000)
  object space 174592K, 0% used [0x0000000780000000,0x0000000780000000,0x000000078aa80000)
 PSPermGen       total 21504K, used 4062K [0x000000077ae00000, 0x000000077c300000, 0x0000000780000000)
  object space 21504K, 18% used [0x000000077ae00000,0x000000077b1f7ab8,0x000000077c300000)

Card table byte_map: [0x0000000113a00000,0x0000000113e2a000] byte_map_base: 0x000000010fe29000

Polling page: 0x00000001104b7000

Code Cache  [0x0000000110a00000, 0x0000000110c70000, 0x0000000113a00000)
 total_blobs=254 nmethods=50 adapters=166 free_code_cache=48674Kb largest_free_block=49822720

Compilation events (10 events):
Event: 436.486 Thread 0x00007f8dd2855000 nmethod 46 0x0000000110a77010 code [0x0000000110a77140, 0x0000000110a771b8]
Event: 436.486 Thread 0x00007f8dd2855000   47             java.nio.Buffer::remaining (10 bytes)
Event: 436.486 Thread 0x00007f8dd2855000 nmethod 47 0x0000000110a76e10 code [0x0000000110a76f40, 0x0000000110a76f98]
Event: 436.486 Thread 0x00007f8dd2855000   48             java.util.regex.Pattern$GroupTail::match (111 bytes)
Event: 436.490 Thread 0x00007f8dd2855000 nmethod 48 0x0000000110a78390 code [0x0000000110a78500, 0x0000000110a78918]
Event: 436.490 Thread 0x00007f8dd2855000   49             java.nio.CharBuffer::length (5 bytes)
Event: 436.490 Thread 0x00007f8dd2855000 nmethod 49 0x0000000110a78190 code [0x0000000110a782c0, 0x0000000110a78318]
Event: 436.490 Thread 0x00007f8dd2855000   50             java.util.regex.Pattern$BranchConn::match (11 bytes)
Event: 436.491 Thread 0x00007f8dd2855000 nmethod 50 0x0000000110a77f10 code [0x0000000110a78060, 0x0000000110a780f8]
Event: 436.491 Thread 0x00007f8dd2858000 nmethod 38 0x0000000110a73c10 code [0x0000000110a73e20, 0x0000000110a745d8]

GC Heap History (0 events):
No events

Deoptimization events (4 events):
Event: 436.141 Thread 0x00007f8dd201c000 Uncommon trap: reason=bimorphic action=maybe_recompile pc=0x0000000110a6856c method=java.util.regex.Matcher.match(II)Z @ 86
Event: 436.141 Thread 0x00007f8dd201c000 Uncommon trap: reason=bimorphic action=maybe_recompile pc=0x0000000110a6856c method=java.util.regex.Matcher.match(II)Z @ 86
Event: 436.142 Thread 0x00007f8dd201c000 Uncommon trap: reason=bimorphic action=maybe_recompile pc=0x0000000110a6856c method=java.util.regex.Matcher.match(II)Z @ 86
Event: 436.142 Thread 0x00007f8dd201c000 Uncommon trap: reason=bimorphic action=maybe_recompile pc=0x0000000110a6856c method=java.util.regex.Matcher.match(II)Z @ 86

Internal exceptions (10 events):
Event: 436.089 Thread 0x00007f8dd2801000 Threw 0x00000007d5847368 at /HUDSON/workspace/7u-2-build-macosx-x86_64/jdk7u51/527/hotspot/src/share/vm/prims/jvm.cpp:1244
Event: 436.091 Thread 0x00007f8dd2801000 Threw 0x00000007d584a5c8 at /HUDSON/workspace/7u-2-build-macosx-x86_64/jdk7u51/527/hotspot/src/share/vm/prims/jvm.cpp:1244
Event: 436.093 Thread 0x00007f8dd2801000 Threw 0x00000007d5852478 at /HUDSON/workspace/7u-2-build-macosx-x86_64/jdk7u51/527/hotspot/src/share/vm/prims/jvm.cpp:1244
Event: 436.094 Thread 0x00007f8dd2801000 Threw 0x00000007d5855e60 at /HUDSON/workspace/7u-2-build-macosx-x86_64/jdk7u51/527/hotspot/src/share/vm/prims/jvm.cpp:1244
Event: 436.097 Thread 0x00007f8dd2801000 Threw 0x00000007d5859f00 at /HUDSON/workspace/7u-2-build-macosx-x86_64/jdk7u51/527/hotspot/src/share/vm/prims/jvm.cpp:1244
Event: 436.099 Thread 0x00007f8dd2801000 Threw 0x00000007d585f020 at /HUDSON/workspace/7u-2-build-macosx-x86_64/jdk7u51/527/hotspot/src/share/vm/prims/jvm.cpp:1244
Event: 436.102 Thread 0x00007f8dd2801000 Threw 0x00000007d5866960 at /HUDSON/workspace/7u-2-build-macosx-x86_64/jdk7u51/527/hotspot/src/share/vm/prims/jvm.cpp:1244
Event: 436.126 Thread 0x00007f8dd201c000 Threw 0x00000007d58ea528 at /HUDSON/workspace/7u-2-build-macosx-x86_64/jdk7u51/527/hotspot/src/share/vm/prims/jvm.cpp:1244
Event: 436.328 Thread 0x00007f8dd2801000 Threw 0x00000007d5874390 at /HUDSON/workspace/7u-2-build-macosx-x86_64/jdk7u51/527/hotspot/src/share/vm/prims/jvm.cpp:1244
Event: 436.464 Thread 0x00007f8dd2801000 Threw 0x00000007d589c578 at /HUDSON/workspace/7u-2-build-macosx-x86_64/jdk7u51/527/hotspot/src/share/vm/prims/jvm.cpp:1244

Events (10 events):
Event: 528.674 Executing VM operation: EnterInterpOnlyMode
Event: 528.674 Executing VM operation: EnterInterpOnlyMode done
Event: 528.674 Executing VM operation: GetCurrentLocation
Event: 528.674 Executing VM operation: GetCurrentLocation done
Event: 528.674 Executing VM operation: ChangeSingleStep
Event: 528.674 Executing VM operation: ChangeSingleStep done
Event: 528.674 Executing VM operation: ChangeSingleStep
Event: 528.674 Executing VM operation: ChangeSingleStep done
Event: 691.577 Executing VM operation: RedefineClasses
Event: 691.578 Executing VM operation: RedefineClasses done


Dynamic libraries:
0x0000000000b4f000 	/System/Library/Frameworks/Cocoa.framework/Versions/A/Cocoa
0x0000000000b4f000 	/System/Library/Frameworks/Security.framework/Versions/A/Security
0x0000000000b4f000 	/System/Library/Frameworks/ApplicationServices.framework/Versions/A/ApplicationServices
0x0000000000b4f000 	/usr/lib/libz.1.dylib
0x0000000000b4f000 	/usr/lib/libSystem.B.dylib
0x0000000000b4f000 	/usr/lib/libobjc.A.dylib
0x0000000000b4f000 	/System/Library/Frameworks/CoreFoundation.framework/Versions/A/CoreFoundation
0x0000000000b4f000 	/System/Library/Frameworks/Foundation.framework/Versions/C/Foundation
0x0000000000b4f000 	/System/Library/Frameworks/AppKit.framework/Versions/C/AppKit
0x0000000000b4f000 	/System/Library/Frameworks/CoreData.framework/Versions/A/CoreData
0x0000000000b4f000 	/System/Library/PrivateFrameworks/RemoteViewServices.framework/Versions/A/RemoteViewServices
0x0000000000b4f000 	/System/Library/PrivateFrameworks/UIFoundation.framework/Versions/A/UIFoundation
0x0000000000b4f000 	/System/Library/Frameworks/IOSurface.framework/Versions/A/IOSurface
0x0000000000b4f000 	/System/Library/Frameworks/AudioToolbox.framework/Versions/A/AudioToolbox
0x0000000000b4f000 	/System/Library/Frameworks/AudioUnit.framework/Versions/A/AudioUnit
0x0000000000b4f000 	/System/Library/PrivateFrameworks/DataDetectorsCore.framework/Versions/A/DataDetectorsCore
0x0000000000b4f000 	/System/Library/PrivateFrameworks/DesktopServicesPriv.framework/Versions/A/DesktopServicesPriv
0x0000000000b4f000 	/System/Library/Frameworks/Carbon.framework/Versions/A/Frameworks/HIToolbox.framework/Versions/A/HIToolbox
0x0000000000b4f000 	/System/Library/Frameworks/QuartzCore.framework/Versions/A/QuartzCore
0x0000000000b4f000 	/System/Library/Frameworks/Carbon.framework/Versions/A/Frameworks/SpeechRecognition.framework/Versions/A/SpeechRecognition
0x0000000000b4f000 	/usr/lib/libauto.dylib
0x0000000000b4f000 	/usr/lib/libicucore.A.dylib
0x0000000000b4f000 	/usr/lib/libxml2.2.dylib
0x0000000000b4f000 	/System/Library/PrivateFrameworks/CoreUI.framework/Versions/A/CoreUI
0x0000000000b4f000 	/System/Library/Frameworks/CoreAudio.framework/Versions/A/CoreAudio
0x0000000000b4f000 	/System/Library/Frameworks/DiskArbitration.framework/Versions/A/DiskArbitration
0x0000000000b4f000 	/usr/lib/liblangid.dylib
0x0000000000b4f000 	/System/Library/PrivateFrameworks/MultitouchSupport.framework/Versions/A/MultitouchSupport
0x0000000000b4f000 	/System/Library/Frameworks/IOKit.framework/Versions/A/IOKit
0x0000000000b4f000 	/usr/lib/libDiagnosticMessagesClient.dylib
0x0000000000b4f000 	/System/Library/Frameworks/CoreServices.framework/Versions/A/CoreServices
0x0000000000b4f000 	/System/Library/PrivateFrameworks/PerformanceAnalysis.framework/Versions/A/PerformanceAnalysis
0x0000000000b4f000 	/System/Library/PrivateFrameworks/GenerationalStorage.framework/Versions/A/GenerationalStorage
0x0000000000b4f000 	/System/Library/Frameworks/OpenGL.framework/Versions/A/OpenGL
0x0000000000b4f000 	/System/Library/PrivateFrameworks/Sharing.framework/Versions/A/Sharing
0x0000000000b4f000 	/System/Library/Frameworks/CoreGraphics.framework/Versions/A/CoreGraphics
0x0000000000b4f000 	/System/Library/Frameworks/CoreText.framework/Versions/A/CoreText
0x0000000000b4f000 	/System/Library/Frameworks/ImageIO.framework/Versions/A/ImageIO
0x0000000000b4f000 	/usr/lib/libextension.dylib
0x0000000000b4f000 	/System/Library/PrivateFrameworks/Backup.framework/Versions/A/Backup
0x0000000000b4f000 	/usr/lib/libarchive.2.dylib
0x0000000000b4f000 	/System/Library/Frameworks/CFNetwork.framework/Versions/A/CFNetwork
0x0000000000b4f000 	/System/Library/Frameworks/SystemConfiguration.framework/Versions/A/SystemConfiguration
0x0000000000b4f000 	/usr/lib/libCRFSuite.dylib
0x0000000000b4f000 	/usr/lib/libc++.1.dylib
0x0000000000b4f000 	/usr/lib/libc++abi.dylib
0x0000000000b4f000 	/usr/lib/system/libcache.dylib
0x0000000000b4f000 	/usr/lib/system/libcommonCrypto.dylib
0x0000000000b4f000 	/usr/lib/system/libcompiler_rt.dylib
0x0000000000b4f000 	/usr/lib/system/libcopyfile.dylib
0x0000000000b4f000 	/usr/lib/system/libcorecrypto.dylib
0x0000000000b4f000 	/usr/lib/system/libdispatch.dylib
0x0000000000b4f000 	/usr/lib/system/libdyld.dylib
0x0000000000b4f000 	/usr/lib/system/libkeymgr.dylib
0x0000000000b4f000 	/usr/lib/system/liblaunch.dylib
0x0000000000b4f000 	/usr/lib/system/libmacho.dylib
0x0000000000b4f000 	/usr/lib/system/libquarantine.dylib
0x0000000000b4f000 	/usr/lib/system/libremovefile.dylib
0x0000000000b4f000 	/usr/lib/system/libsystem_asl.dylib
0x0000000000b4f000 	/usr/lib/system/libsystem_blocks.dylib
0x0000000000b4f000 	/usr/lib/system/libsystem_c.dylib
0x0000000000b4f000 	/usr/lib/system/libsystem_configuration.dylib
0x0000000000b4f000 	/usr/lib/system/libsystem_coreservices.dylib
0x0000000000b4f000 	/usr/lib/system/libsystem_coretls.dylib
0x0000000000b4f000 	/usr/lib/system/libsystem_dnssd.dylib
0x0000000000b4f000 	/usr/lib/system/libsystem_info.dylib
0x0000000000b4f000 	/usr/lib/system/libsystem_kernel.dylib
0x0000000000b4f000 	/usr/lib/system/libsystem_m.dylib
0x0000000000b4f000 	/usr/lib/system/libsystem_malloc.dylib
0x0000000000b4f000 	/usr/lib/system/libsystem_network.dylib
0x0000000000b4f000 	/usr/lib/system/libsystem_networkextension.dylib
0x0000000000b4f000 	/usr/lib/system/libsystem_notify.dylib
0x0000000000b4f000 	/usr/lib/system/libsystem_platform.dylib
0x0000000000b4f000 	/usr/lib/system/libsystem_pthread.dylib
0x0000000000b4f000 	/usr/lib/system/libsystem_sandbox.dylib
0x0000000000b4f000 	/usr/lib/system/libsystem_secinit.dylib
0x0000000000b4f000 	/usr/lib/system/libsystem_stats.dylib
0x0000000000b4f000 	/usr/lib/system/libsystem_trace.dylib
0x0000000000b4f000 	/usr/lib/system/libunc.dylib
0x0000000000b4f000 	/usr/lib/system/libunwind.dylib
0x0000000000b4f000 	/usr/lib/system/libxpc.dylib
0x0000000000b4f000 	/usr/lib/libbz2.1.0.dylib
0x0000000000b4f000 	/usr/lib/liblzma.5.dylib
0x0000000000b4f000 	/usr/lib/libbsm.0.dylib
0x0000000000b4f000 	/usr/lib/libsqlite3.dylib
0x0000000000b4f000 	/usr/lib/system/libkxld.dylib
0x0000000000b4f000 	/usr/lib/libxar.1.dylib
0x0000000000b4f000 	/usr/lib/libpam.2.dylib
0x0000000000b4f000 	/usr/lib/libOpenScriptingUtil.dylib
0x0000000000b4f000 	/System/Library/Frameworks/CoreServices.framework/Versions/A/Frameworks/FSEvents.framework/Versions/A/FSEvents
0x0000000000b4f000 	/System/Library/Frameworks/CoreServices.framework/Versions/A/Frameworks/CarbonCore.framework/Versions/A/CarbonCore
0x0000000000b4f000 	/System/Library/Frameworks/CoreServices.framework/Versions/A/Frameworks/Metadata.framework/Versions/A/Metadata
0x0000000000b4f000 	/System/Library/Frameworks/CoreServices.framework/Versions/A/Frameworks/OSServices.framework/Versions/A/OSServices
0x0000000000b4f000 	/System/Library/Frameworks/CoreServices.framework/Versions/A/Frameworks/SearchKit.framework/Versions/A/SearchKit
0x0000000000b4f000 	/System/Library/Frameworks/CoreServices.framework/Versions/A/Frameworks/AE.framework/Versions/A/AE
0x0000000000b4f000 	/System/Library/Frameworks/CoreServices.framework/Versions/A/Frameworks/LaunchServices.framework/Versions/A/LaunchServices
0x0000000000b4f000 	/System/Library/Frameworks/CoreServices.framework/Versions/A/Frameworks/DictionaryServices.framework/Versions/A/DictionaryServices
0x0000000000b4f000 	/System/Library/Frameworks/NetFS.framework/Versions/A/NetFS
0x0000000000b4f000 	/System/Library/PrivateFrameworks/NetAuth.framework/Versions/A/NetAuth
0x0000000000b4f000 	/System/Library/PrivateFrameworks/login.framework/Versions/A/Frameworks/loginsupport.framework/Versions/A/loginsupport
0x0000000000b4f000 	/System/Library/PrivateFrameworks/TCC.framework/Versions/A/TCC
0x0000000000b4f000 	/usr/lib/libmecabra.dylib
0x0000000000b4f000 	/System/Library/PrivateFrameworks/LanguageModeling.framework/Versions/A/LanguageModeling
0x0000000000b4f000 	/usr/lib/libcmph.dylib
0x0000000000b4f000 	/usr/lib/libiconv.2.dylib
0x0000000000b4f000 	/System/Library/Frameworks/OpenDirectory.framework/Versions/A/Frameworks/CFOpenDirectory.framework/Versions/A/CFOpenDirectory
0x0000000000b4f000 	/System/Library/Frameworks/ServiceManagement.framework/Versions/A/ServiceManagement
0x0000000000b4f000 	/usr/lib/libxslt.1.dylib
0x0000000000b4f000 	/System/Library/Frameworks/Carbon.framework/Versions/A/Frameworks/Ink.framework/Versions/A/Ink
0x0000000000b4f000 	/System/Library/Frameworks/ApplicationServices.framework/Versions/A/Frameworks/ATS.framework/Versions/A/ATS
0x0000000000b4f000 	/System/Library/Frameworks/ApplicationServices.framework/Versions/A/Frameworks/ColorSync.framework/Versions/A/ColorSync
0x0000000000b4f000 	/System/Library/Frameworks/ApplicationServices.framework/Versions/A/Frameworks/HIServices.framework/Versions/A/HIServices
0x0000000000b4f000 	/System/Library/Frameworks/ApplicationServices.framework/Versions/A/Frameworks/LangAnalysis.framework/Versions/A/LangAnalysis
0x0000000000b4f000 	/System/Library/Frameworks/ApplicationServices.framework/Versions/A/Frameworks/PrintCore.framework/Versions/A/PrintCore
0x0000000000b4f000 	/System/Library/Frameworks/ApplicationServices.framework/Versions/A/Frameworks/QD.framework/Versions/A/QD
0x0000000000b4f000 	/System/Library/Frameworks/ApplicationServices.framework/Versions/A/Frameworks/SpeechSynthesis.framework/Versions/A/SpeechSynthesis
0x0000000000b4f000 	/System/Library/Frameworks/Accelerate.framework/Versions/A/Accelerate
0x0000000000b4f000 	/System/Library/Frameworks/Accelerate.framework/Versions/A/Frameworks/vImage.framework/Versions/A/vImage
0x0000000000b4f000 	/System/Library/Frameworks/Accelerate.framework/Versions/A/Frameworks/vecLib.framework/Versions/A/vecLib
0x0000000000b4f000 	/System/Library/Frameworks/Accelerate.framework/Versions/A/Frameworks/vecLib.framework/Versions/A/libvDSP.dylib
0x0000000000b4f000 	/System/Library/Frameworks/Accelerate.framework/Versions/A/Frameworks/vecLib.framework/Versions/A/libvMisc.dylib
0x0000000000b4f000 	/System/Library/Frameworks/Accelerate.framework/Versions/A/Frameworks/vecLib.framework/Versions/A/libLAPACK.dylib
0x0000000000b4f000 	/System/Library/Frameworks/Accelerate.framework/Versions/A/Frameworks/vecLib.framework/Versions/A/libBLAS.dylib
0x0000000000b4f000 	/System/Library/Frameworks/Accelerate.framework/Versions/A/Frameworks/vecLib.framework/Versions/A/libLinearAlgebra.dylib
0x0000000000b4f000 	/System/Library/Frameworks/ApplicationServices.framework/Versions/A/Frameworks/ATS.framework/Versions/A/Resources/libFontParser.dylib
0x0000000000b4f000 	/System/Library/Frameworks/ApplicationServices.framework/Versions/A/Frameworks/ATS.framework/Versions/A/Resources/libFontRegistry.dylib
0x0000000000b4f000 	/System/Library/PrivateFrameworks/AppleVPA.framework/Versions/A/AppleVPA
0x0000000000b4f000 	/System/Library/PrivateFrameworks/AppleJPEG.framework/Versions/A/AppleJPEG
0x0000000000b4f000 	/System/Library/Frameworks/ImageIO.framework/Versions/A/Resources/libJPEG.dylib
0x0000000000b4f000 	/System/Library/Frameworks/ImageIO.framework/Versions/A/Resources/libTIFF.dylib
0x0000000000b4f000 	/System/Library/Frameworks/ImageIO.framework/Versions/A/Resources/libPng.dylib
0x0000000000b4f000 	/System/Library/Frameworks/ImageIO.framework/Versions/A/Resources/libGIF.dylib
0x0000000000b4f000 	/System/Library/Frameworks/ImageIO.framework/Versions/A/Resources/libJP2.dylib
0x0000000000b4f000 	/System/Library/Frameworks/ImageIO.framework/Versions/A/Resources/libRadiance.dylib
0x0000000000b4f000 	/System/Library/Frameworks/CoreVideo.framework/Versions/A/CoreVideo
0x0000000000b4f000 	/System/Library/Frameworks/OpenGL.framework/Versions/A/Libraries/libGLU.dylib
0x0000000000b4f000 	/System/Library/Frameworks/OpenGL.framework/Versions/A/Libraries/libGFXShared.dylib
0x0000000000b4f000 	/System/Library/Frameworks/OpenGL.framework/Versions/A/Libraries/libGL.dylib
0x0000000000b4f000 	/System/Library/Frameworks/OpenGL.framework/Versions/A/Libraries/libGLImage.dylib
0x0000000000b4f000 	/System/Library/Frameworks/OpenGL.framework/Versions/A/Libraries/libCVMSPluginSupport.dylib
0x0000000000b4f000 	/System/Library/Frameworks/OpenGL.framework/Versions/A/Libraries/libCoreVMClient.dylib
0x0000000000b4f000 	/usr/lib/libcups.2.dylib
0x0000000000b4f000 	/System/Library/Frameworks/Kerberos.framework/Versions/A/Kerberos
0x0000000000b4f000 	/System/Library/Frameworks/GSS.framework/Versions/A/GSS
0x0000000000b4f000 	/usr/lib/libresolv.9.dylib
0x0000000000b4f000 	/System/Library/PrivateFrameworks/Heimdal.framework/Versions/A/Heimdal
0x0000000000b4f000 	/usr/lib/libheimdal-asn1.dylib
0x0000000000b4f000 	/System/Library/Frameworks/OpenDirectory.framework/Versions/A/OpenDirectory
0x0000000000b4f000 	/System/Library/PrivateFrameworks/CommonAuth.framework/Versions/A/CommonAuth
0x0000000000b4f000 	/System/Library/Frameworks/SecurityFoundation.framework/Versions/A/SecurityFoundation
0x0000000000b4f000 	/System/Library/Frameworks/QuartzCore.framework/Versions/A/Frameworks/CoreImage.framework/Versions/A/CoreImage
0x0000000000b4f000 	/System/Library/PrivateFrameworks/CrashReporterSupport.framework/Versions/A/CrashReporterSupport
0x0000000000b4f000 	/System/Library/Frameworks/OpenCL.framework/Versions/A/OpenCL
0x0000000000b4f000 	/System/Library/PrivateFrameworks/FaceCore.framework/Versions/A/FaceCore
0x0000000000b4f000 	/System/Library/PrivateFrameworks/Ubiquity.framework/Versions/A/Ubiquity
0x0000000000b4f000 	/System/Library/PrivateFrameworks/IconServices.framework/Versions/A/IconServices
0x0000000000b4f000 	/System/Library/PrivateFrameworks/ChunkingLibrary.framework/Versions/A/ChunkingLibrary
0x0000000000b4f000 	/System/Library/PrivateFrameworks/Apple80211.framework/Versions/A/Apple80211
0x0000000000b4f000 	/System/Library/Frameworks/CoreWLAN.framework/Versions/A/CoreWLAN
0x0000000000b4f000 	/System/Library/Frameworks/IOBluetooth.framework/Versions/A/IOBluetooth
0x0000000000b4f000 	/System/Library/PrivateFrameworks/CoreWiFi.framework/Versions/A/CoreWiFi
0x0000000000b4f000 	/System/Library/Frameworks/CoreBluetooth.framework/Versions/A/CoreBluetooth
0x0000000000b4f000 	/System/Library/PrivateFrameworks/DebugSymbols.framework/Versions/A/DebugSymbols
0x0000000000b4f000 	/System/Library/PrivateFrameworks/CoreSymbolication.framework/Versions/A/CoreSymbolication
0x0000000000b4f000 	/System/Library/PrivateFrameworks/Symbolication.framework/Versions/A/Symbolication
0x0000000000b4f000 	/System/Library/PrivateFrameworks/SpeechRecognitionCore.framework/Versions/A/SpeechRecognitionCore
0x000000010f924000 	/Library/Java/JavaVirtualMachines/jdk1.7.0_51.jdk/Contents/Home/jre/lib/server/libjvm.dylib
0x0000000000b4f000 	/usr/lib/libstdc++.6.dylib
0x000000011047a000 	/Library/Java/JavaVirtualMachines/jdk1.7.0_51.jdk/Contents/Home/jre/lib/libverify.dylib
0x0000000110487000 	/Library/Java/JavaVirtualMachines/jdk1.7.0_51.jdk/Contents/Home/jre/lib/libjava.dylib
0x00000001104b8000 	/Library/Java/JavaVirtualMachines/jdk1.7.0_51.jdk/Contents/Home/jre/lib/libjdwp.dylib
0x00000001104f5000 	/Library/Java/JavaVirtualMachines/jdk1.7.0_51.jdk/Contents/Home/jre/lib/libnpt.dylib
0x0000000110519000 	/Library/Java/JavaVirtualMachines/jdk1.7.0_51.jdk/Contents/Home/jre/lib/libzip.dylib
0x00000001105e3000 	/System/Library/Frameworks/JavaVM.framework/Frameworks/JavaRuntimeSupport.framework/JavaRuntimeSupport
0x0000000119966000 	/System/Library/Frameworks/JavaVM.framework/Versions/A/Frameworks/JavaNativeFoundation.framework/Versions/A/JavaNativeFoundation
0x000000011997b000 	/System/Library/Frameworks/JavaVM.framework/Versions/A/JavaVM
0x0000000000b4f000 	/System/Library/Frameworks/Carbon.framework/Versions/A/Carbon
0x0000000119988000 	/System/Library/PrivateFrameworks/JavaLaunching.framework/Versions/A/JavaLaunching
0x0000000000b4f000 	/System/Library/Frameworks/Carbon.framework/Versions/A/Frameworks/CommonPanels.framework/Versions/A/CommonPanels
0x0000000000b4f000 	/System/Library/Frameworks/Carbon.framework/Versions/A/Frameworks/Help.framework/Versions/A/Help
0x0000000000b4f000 	/System/Library/Frameworks/Carbon.framework/Versions/A/Frameworks/ImageCapture.framework/Versions/A/ImageCapture
0x0000000000b4f000 	/System/Library/Frameworks/Carbon.framework/Versions/A/Frameworks/OpenScripting.framework/Versions/A/OpenScripting
0x0000000000b4f000 	/System/Library/Frameworks/Carbon.framework/Versions/A/Frameworks/Print.framework/Versions/A/Print
0x0000000000b4f000 	/System/Library/Frameworks/Carbon.framework/Versions/A/Frameworks/SecurityHI.framework/Versions/A/SecurityHI
0x000000011b294000 	/Library/Java/JavaVirtualMachines/jdk1.7.0_51.jdk/Contents/Home/jre/lib/libdt_socket.dylib
0x000000011b9ea000 	/Library/Java/JavaVirtualMachines/jdk1.7.0_51.jdk/Contents/Home/jre/lib/libnet.dylib
0x000000011ba47000 	/Library/Java/JavaVirtualMachines/jdk1.7.0_51.jdk/Contents/Home/jre/lib/libnio.dylib

VM Arguments:
jvm_args: -agentlib:jdwp=transport=dt_socket,suspend=y,address=localhost:52447 -Xmx2048M -Dfile.encoding=US-ASCII 
java_command: ega.Referee
Launcher Type: SUN_STANDARD

Environment Variables:
PATH=/usr/bin:/bin:/usr/sbin:/sbin
SHELL=/bin/bash

Signal Handlers:
SIGSEGV: [libjvm.dylib+0x525425], sa_mask[0]=0xfffefeff, sa_flags=0x00000043
SIGBUS: [libjvm.dylib+0x525425], sa_mask[0]=0xfffefeff, sa_flags=0x00000042
SIGFPE: [libjvm.dylib+0x41892a], sa_mask[0]=0xfffefeff, sa_flags=0x00000042
SIGPIPE: [libjvm.dylib+0x41892a], sa_mask[0]=0xfffefeff, sa_flags=0x00000042
SIGXFSZ: [libjvm.dylib+0x41892a], sa_mask[0]=0xfffefeff, sa_flags=0x00000042
SIGILL: [libjvm.dylib+0x41892a], sa_mask[0]=0xfffefeff, sa_flags=0x00000042
SIGUSR1: SIG_DFL, sa_mask[0]=0x00000000, sa_flags=0x00000000
SIGUSR2: [libjvm.dylib+0x41841c], sa_mask[0]=0x00000004, sa_flags=0x00000042
SIGHUP: [libjvm.dylib+0x4166ab], sa_mask[0]=0xfffefeff, sa_flags=0x00000042
SIGINT: [libjvm.dylib+0x4166ab], sa_mask[0]=0xfffefeff, sa_flags=0x00000042
SIGTERM: [libjvm.dylib+0x4166ab], sa_mask[0]=0xfffefeff, sa_flags=0x00000042
SIGQUIT: [libjvm.dylib+0x4166ab], sa_mask[0]=0xfffefeff, sa_flags=0x00000042


---------------  S Y S T E M  ---------------

OS:Bsduname:Darwin 14.0.0 Darwin Kernel Version 14.0.0: Fri Sep 19 00:26:44 PDT 2014; root:xnu-2782.1.97~2/RELEASE_X86_64 x86_64
rlimit: STACK 8192k, CORE 0k, NPROC 709, NOFILE 10240, AS infinity
load average:1.30 1.74 5.96

CPU:total 2 (2 cores per cpu, 1 threads per core) family 6 model 23 stepping 10, cmov, cx8, fxsr, mmx, sse, sse2, sse3, ssse3, sse4.1, tsc

Memory: 4k page, physical 16777216k(4194304k free)

/proc/meminfo:


vm_info: Java HotSpot(TM) 64-Bit Server VM (24.51-b03) for bsd-amd64 JRE (1.7.0_51-b13), built on Dec 18 2013 18:45:56 by "java_re" with gcc 4.2.1 (Based on Apple Inc. build 5658) (LLVM build 2336.11.00)

time: Fri Jan 16 15:05:02 2015
elapsed time: 691 seconds

