#
# A fatal error has been detected by the Java Runtime Environment:
#
#  SIGSEGV (0xb) at pc=0x000000010d47f37c, pid=43366, tid=15619
#
# JRE version: Java(TM) SE Runtime Environment (7.0_51-b13) (build 1.7.0_51-b13)
# Java VM: Java HotSpot(TM) 64-Bit Server VM (24.51-b03 mixed mode bsd-amd64 compressed oops)
# Problematic frame:
# V  [libjvm.dylib+0x33337c]  jvmti_IsMethodSynthetic+0xb9
#
# Failed to write core dump. Core dumps have been disabled. To enable core dumping, try "ulimit -c unlimited" before starting Java again
#
# If you would like to submit a bug report, please visit:
#   http://bugreport.sun.com/bugreport/crash.jsp
#

---------------  T H R E A D  ---------------

Current thread (0x00007fde0b833000):  JavaThread "JDWP Transport Listener: dt_socket" daemon [_thread_in_vm, id=15619, stack(0x0000000118b1c000,0x0000000118c1c000)]

siginfo:si_signo=SIGSEGV: si_errno=0, si_code=1 (SEGV_MAPERR), si_addr=0x000000000000002c

Registers:
RAX=0x0000000000000001, RBX=0x0000000118c1ba8b, RCX=0x00000000000fc080, RDX=0x0000000118c1ba8b
RSP=0x0000000118c1b9f0, RBP=0x0000000118c1ba40, RSI=0x00007fde0b833000, RDI=0x00007fde0ac1c890
R8 =0x0000000000000000, R9 =0x00007fde0ac00000, R10=0x0000000000000010, R11=0x00007fde0ac00000
R12=0x00007fde0b833000, R13=0x000000000000002c, R14=0x000000000000002c, R15=0x00007fde0ac1c890
RIP=0x000000010d47f37c, EFLAGS=0x0000000000010202, ERR=0x0000000000000004
  TRAPNO=0x000000000000000e

Top of Stack: (sp=0x0000000118c1b9f0)
0x0000000118c1b9f0:   00007fde0b833000 0000000000000000
0x0000000118c1ba00:   0000000000000000 0000000000000000
0x0000000118c1ba10:   00007fde0b833000 00007fde0b833000
0x0000000118c1ba20:   0000000118c1ba8b 0000000118c1ba90
0x0000000118c1ba30:   000000000000002c 0000000000000007
0x0000000118c1ba40:   0000000118c1ba60 000000010e1231f8
0x0000000118c1ba50:   0000000000000001 0000000118c1bb08
0x0000000118c1ba60:   0000000118c1bad0 000000010e10802b
0x0000000118c1ba70:   0000000118c1baa0 00007fde0ac45f10
0x0000000118c1ba80:   0000000800000032 0000000900c1bb08
0x0000000118c1ba90:   0000000000000000 0000000000000000
0x0000000118c1baa0:   0000000000000000 0000000118c1bc90
0x0000000118c1bab0:   000000010e12adc0 00007fde0ac45c60
0x0000000118c1bac0:   0000000118c1bb08 000000010e136578
0x0000000118c1bad0:   0000000118c1bae0 000000010e108124
0x0000000118c1bae0:   0000000118c1bd00 000000010e1116b2
0x0000000118c1baf0:   00005b0c00000013 00000000000f0200
0x0000000118c1bb00:   00007fde0ac38dc0 00007fde0ac47114
0x0000000118c1bb10:   00007fde000001e4 00007fde0ac46b60
0x0000000118c1bb20:   00007fde0000012c 0000000118c1bb58
0x0000000118c1bb30:   00007fde0ac46b60 0000000000000000
0x0000000118c1bb40:   00005b0c0000001c 0000000000000080
0x0000000118c1bb50:   0000000118c1bb58 de7f000008000000
0x0000000118c1bb60:   0f0000006093d00a 7564657461657263
0x0000000118c1bb70:   0061746144796d6d 495b5b2928050000
0x0000000118c1bb80:   0900000000000000 3893d00ade7f0000
0x0000000118c1bb90:   646c697713000000 747362416566696c
0x0000000118c1bba0:   006e6f6974636172 0000562928030000
0x0000000118c1bbb0:   0000090000000000 0000b8b6d20ade7f
0x0000000118c1bbc0:   53746e6972700e00 7967657461727453
0x0000000118c1bbd0:   29445b2805000000 0000000000000056
0x0000000118c1bbe0:   93d00ade7f00000a 7261701500000048 

Instructions: (pc=0x000000010d47f37c)
0x000000010d47f35c:   00 00 00 41 f6 87 68 01 00 00 10 75 07 b8 63 00
0x000000010d47f36c:   00 00 eb 7a 4d 85 f6 75 07 b8 17 00 00 00 eb 6e
0x000000010d47f37c:   4d 8b 36 48 b8 fe fe fe fe fe fe fe fe 49 39 c6
0x000000010d47f38c:   74 e7 4d 85 f6 74 e2 48 8d 05 f6 f8 4c 00 80 38 

Register to memory mapping:

RAX=0x0000000000000001 is an unknown value
RBX=0x0000000118c1ba8b is pointing into the stack for thread: 0x00007fde0b833000
RCX=0x00000000000fc080 is an unknown value
RDX=0x0000000118c1ba8b is pointing into the stack for thread: 0x00007fde0b833000
RSP=0x0000000118c1b9f0 is pointing into the stack for thread: 0x00007fde0b833000
RBP=0x0000000118c1ba40 is pointing into the stack for thread: 0x00007fde0b833000
RSI=0x00007fde0b833000 is a thread
RDI=0x00007fde0ac1c890 is an unknown value
R8 =0x0000000000000000 is an unknown value
R9 =0x00007fde0ac00000 is an unknown value
R10=0x0000000000000010 is an unknown value
R11=0x00007fde0ac00000 is an unknown value
R12=0x00007fde0b833000 is a thread
R13=0x000000000000002c is an unknown value
R14=0x000000000000002c is an unknown value
R15=0x00007fde0ac1c890 is an unknown value


Stack: [0x0000000118b1c000,0x0000000118c1c000],  sp=0x0000000118c1b9f0,  free space=1022k
Native frames: (J=compiled Java code, j=interpreted, Vv=VM code, C=native code)
V  [libjvm.dylib+0x33337c]  jvmti_IsMethodSynthetic+0xb9
C  [libjdwp.dylib+0x201f8]  isMethodSynthetic+0x63
C  [libjdwp.dylib+0x502b]  methods1+0x10b
C  [libjdwp.dylib+0x5124]  methodsWithGeneric+0xe
C  [libjdwp.dylib+0xe6b2]  debugLoop_run+0x1ce
C  [libjdwp.dylib+0x1f132]  attachThread+0x4d
V  [libjvm.dylib+0x373f9e]  JvmtiAgentThread::call_start_function()+0x38
V  [libjvm.dylib+0x4efb57]  JavaThread::thread_main_inner()+0x9b
V  [libjvm.dylib+0x4f125f]  JavaThread::run()+0x1a3
V  [libjvm.dylib+0x41b1d6]  java_start(Thread*)+0x126
C  [libsystem_pthread.dylib+0x3268]  _pthread_body+0x83
C  [libsystem_pthread.dylib+0x31e5]  _pthread_body+0x0
C  [libsystem_pthread.dylib+0x141d]  thread_start+0xd


---------------  P R O C E S S  ---------------

Java Threads: ( => current thread )
  0x00007fde0b053800 JavaThread "Service Thread" daemon [_thread_blocked, id=18179, stack(0x000000011902b000,0x000000011912b000)]
  0x00007fde0b83f000 JavaThread "C2 CompilerThread1" daemon [_thread_blocked, id=17667, stack(0x0000000118f28000,0x0000000119028000)]
  0x00007fde0b83f800 JavaThread "C2 CompilerThread0" daemon [_thread_blocked, id=17155, stack(0x0000000118e25000,0x0000000118f25000)]
  0x00007fde0b834800 JavaThread "JDWP Command Reader" daemon [_thread_in_native, id=16643, stack(0x0000000118d22000,0x0000000118e22000)]
  0x00007fde0b833800 JavaThread "JDWP Event Helper Thread" daemon [_thread_blocked, id=16131, stack(0x0000000118c1f000,0x0000000118d1f000)]
=>0x00007fde0b833000 JavaThread "JDWP Transport Listener: dt_socket" daemon [_thread_in_vm, id=15619, stack(0x0000000118b1c000,0x0000000118c1c000)]
  0x00007fde0b821800 JavaThread "Signal Dispatcher" daemon [_thread_blocked, id=13323, stack(0x0000000118a13000,0x0000000118b13000)]
  0x00007fde0b052800 JavaThread "Finalizer" daemon [_thread_blocked, id=11011, stack(0x0000000117075000,0x0000000117175000)]
  0x00007fde0b80e800 JavaThread "Reference Handler" daemon [_thread_blocked, id=10499, stack(0x0000000116f72000,0x0000000117072000)]
  0x00007fde0b00c000 JavaThread "main" [_thread_blocked, id=5379, stack(0x000000010e001000,0x000000010e101000)]

Other Threads:
  0x00007fde0b050000 VMThread [stack: 0x0000000116e6f000,0x0000000116f6f000] [id=9987]
  0x00007fde0b822000 WatcherThread [stack: 0x000000011912e000,0x000000011922e000] [id=18691]

VM state:not at safepoint (normal execution)

VM Mutex/Monitor currently owned by a thread: None

Heap
 PSYoungGen      total 76800K, used 3963K [0x00000007d5500000, 0x00000007daa80000, 0x0000000800000000)
  eden space 66048K, 6% used [0x00000007d5500000,0x00000007d58deca0,0x00000007d9580000)
  from space 10752K, 0% used [0x00000007da000000,0x00000007da000000,0x00000007daa80000)
  to   space 10752K, 0% used [0x00000007d9580000,0x00000007d9580000,0x00000007da000000)
 ParOldGen       total 174592K, used 0K [0x0000000780000000, 0x000000078aa80000, 0x00000007d5500000)
  object space 174592K, 0% used [0x0000000780000000,0x0000000780000000,0x000000078aa80000)
 PSPermGen       total 21504K, used 3064K [0x000000077ae00000, 0x000000077c300000, 0x0000000780000000)
  object space 21504K, 14% used [0x000000077ae00000,0x000000077b0fe1c8,0x000000077c300000)

Card table byte_map: [0x0000000111211000,0x000000011163b000] byte_map_base: 0x000000010d63a000

Polling page: 0x000000010dbf3000

Code Cache  [0x000000010e151000, 0x000000010e3c1000, 0x0000000111151000)
 total_blobs=186 nmethods=6 adapters=143 free_code_cache=48753Kb largest_free_block=49904896

Compilation events (10 events):
Event: 0.807 Thread 0x00007fde0b83f800 nmethod 1 0x000000010e1b0990 code [0x000000010e1b0ae0, 0x000000010e1b0c98]
Event: 0.808 Thread 0x00007fde0b83f000 nmethod 2 0x000000010e1b0550 code [0x000000010e1b06a0, 0x000000010e1b0888]
Event: 0.883 Thread 0x00007fde0b83f800    3             sun.nio.cs.UTF_8$Encoder::encode (361 bytes)
Event: 0.913 Thread 0x00007fde0b83f800 nmethod 3 0x000000010e1b2550 code [0x000000010e1b2700, 0x000000010e1b2ff8]
Event: 1.011 Thread 0x00007fde0b83f000    4             java.lang.String::charAt (29 bytes)
Event: 1.014 Thread 0x00007fde0b83f000 nmethod 4 0x000000010e1b3bd0 code [0x000000010e1b3d20, 0x000000010e1b3e18]
Event: 1.158 Thread 0x00007fde0b83f000    5   !         sun.nio.cs.US_ASCII$Encoder::encodeArrayLoop (356 bytes)
Event: 1.196 Thread 0x00007fde0b83f000 nmethod 5 0x000000010e1b7910 code [0x000000010e1b7b80, 0x000000010e1b8638]
Event: 1.254 Thread 0x00007fde0b83f800    6             java.lang.String::indexOf (166 bytes)
Event: 1.281 Thread 0x00007fde0b83f800 nmethod 6 0x000000010e1b5390 code [0x000000010e1b54e0, 0x000000010e1b5a18]

GC Heap History (0 events):
No events

Deoptimization events (0 events):
No events

Internal exceptions (10 events):
Event: 0.946 Thread 0x00007fde0b00c000 Threw 0x00000007d560b738 at /HUDSON/workspace/7u-2-build-macosx-x86_64/jdk7u51/527/hotspot/src/share/vm/prims/jvm.cpp:1244
Event: 0.952 Thread 0x00007fde0b00c000 Threw 0x00000007d5613b88 at /HUDSON/workspace/7u-2-build-macosx-x86_64/jdk7u51/527/hotspot/src/share/vm/prims/jvm.cpp:1244
Event: 0.955 Thread 0x00007fde0b00c000 Threw 0x00000007d561d6f0 at /HUDSON/workspace/7u-2-build-macosx-x86_64/jdk7u51/527/hotspot/src/share/vm/prims/jvm.cpp:1244
Event: 0.960 Thread 0x00007fde0b00c000 Threw 0x00000007d5623200 at /HUDSON/workspace/7u-2-build-macosx-x86_64/jdk7u51/527/hotspot/src/share/vm/prims/jvm.cpp:1244
Event: 1.003 Thread 0x00007fde0b00c000 Threw 0x00000007d56290f0 at /HUDSON/workspace/7u-2-build-macosx-x86_64/jdk7u51/527/hotspot/src/share/vm/prims/jvm.cpp:1244
Event: 1.011 Thread 0x00007fde0b00c000 Threw 0x00000007d5631190 at /HUDSON/workspace/7u-2-build-macosx-x86_64/jdk7u51/527/hotspot/src/share/vm/prims/jvm.cpp:1244
Event: 1.024 Thread 0x00007fde0b00c000 Threw 0x00000007d5649c18 at /HUDSON/workspace/7u-2-build-macosx-x86_64/jdk7u51/527/hotspot/src/share/vm/prims/jvm.cpp:1244
Event: 1.027 Thread 0x00007fde0b00c000 Threw 0x00000007d5798210 at /HUDSON/workspace/7u-2-build-macosx-x86_64/jdk7u51/527/hotspot/src/share/vm/prims/jvm.cpp:1244
Event: 1.248 Thread 0x00007fde0b00c000 Threw 0x00000007d57f17f8 at /HUDSON/workspace/7u-2-build-macosx-x86_64/jdk7u51/527/hotspot/src/share/vm/prims/jvm.cpp:1244
Event: 1.266 Thread 0x00007fde0b00c000 Threw 0x00000007d57ff948 at /HUDSON/workspace/7u-2-build-macosx-x86_64/jdk7u51/527/hotspot/src/share/vm/prims/jvm.cpp:1244

Events (10 events):
Event: 710.208 Executing VM operation: GetCurrentLocation
Event: 710.208 Executing VM operation: GetCurrentLocation done
Event: 710.208 Executing VM operation: EnterInterpOnlyMode
Event: 710.208 Executing VM operation: EnterInterpOnlyMode done
Event: 710.208 Executing VM operation: ChangeSingleStep
Event: 710.208 Executing VM operation: ChangeSingleStep done
Event: 710.208 Executing VM operation: ChangeSingleStep
Event: 710.208 Executing VM operation: ChangeSingleStep done
Event: 812.652 Executing VM operation: RedefineClasses
Event: 812.652 Executing VM operation: RedefineClasses done


Dynamic libraries:
0x0000000003da7000 	/System/Library/Frameworks/Cocoa.framework/Versions/A/Cocoa
0x0000000003da7000 	/System/Library/Frameworks/Security.framework/Versions/A/Security
0x0000000003da7000 	/System/Library/Frameworks/ApplicationServices.framework/Versions/A/ApplicationServices
0x0000000003da7000 	/usr/lib/libz.1.dylib
0x0000000003da7000 	/usr/lib/libSystem.B.dylib
0x0000000003da7000 	/usr/lib/libobjc.A.dylib
0x0000000003da7000 	/System/Library/Frameworks/CoreFoundation.framework/Versions/A/CoreFoundation
0x0000000003da7000 	/System/Library/Frameworks/Foundation.framework/Versions/C/Foundation
0x0000000003da7000 	/System/Library/Frameworks/AppKit.framework/Versions/C/AppKit
0x0000000003da7000 	/System/Library/Frameworks/CoreData.framework/Versions/A/CoreData
0x0000000003da7000 	/System/Library/PrivateFrameworks/RemoteViewServices.framework/Versions/A/RemoteViewServices
0x0000000003da7000 	/System/Library/PrivateFrameworks/UIFoundation.framework/Versions/A/UIFoundation
0x0000000003da7000 	/System/Library/Frameworks/IOSurface.framework/Versions/A/IOSurface
0x0000000003da7000 	/System/Library/Frameworks/AudioToolbox.framework/Versions/A/AudioToolbox
0x0000000003da7000 	/System/Library/Frameworks/AudioUnit.framework/Versions/A/AudioUnit
0x0000000003da7000 	/System/Library/PrivateFrameworks/DataDetectorsCore.framework/Versions/A/DataDetectorsCore
0x0000000003da7000 	/System/Library/PrivateFrameworks/DesktopServicesPriv.framework/Versions/A/DesktopServicesPriv
0x0000000003da7000 	/System/Library/Frameworks/Carbon.framework/Versions/A/Frameworks/HIToolbox.framework/Versions/A/HIToolbox
0x0000000003da7000 	/System/Library/Frameworks/QuartzCore.framework/Versions/A/QuartzCore
0x0000000003da7000 	/System/Library/Frameworks/Carbon.framework/Versions/A/Frameworks/SpeechRecognition.framework/Versions/A/SpeechRecognition
0x0000000003da7000 	/usr/lib/libauto.dylib
0x0000000003da7000 	/usr/lib/libicucore.A.dylib
0x0000000003da7000 	/usr/lib/libxml2.2.dylib
0x0000000003da7000 	/System/Library/PrivateFrameworks/CoreUI.framework/Versions/A/CoreUI
0x0000000003da7000 	/System/Library/Frameworks/CoreAudio.framework/Versions/A/CoreAudio
0x0000000003da7000 	/System/Library/Frameworks/DiskArbitration.framework/Versions/A/DiskArbitration
0x0000000003da7000 	/usr/lib/liblangid.dylib
0x0000000003da7000 	/System/Library/PrivateFrameworks/MultitouchSupport.framework/Versions/A/MultitouchSupport
0x0000000003da7000 	/System/Library/Frameworks/IOKit.framework/Versions/A/IOKit
0x0000000003da7000 	/usr/lib/libDiagnosticMessagesClient.dylib
0x0000000003da7000 	/System/Library/Frameworks/CoreServices.framework/Versions/A/CoreServices
0x0000000003da7000 	/System/Library/PrivateFrameworks/PerformanceAnalysis.framework/Versions/A/PerformanceAnalysis
0x0000000003da7000 	/System/Library/PrivateFrameworks/GenerationalStorage.framework/Versions/A/GenerationalStorage
0x0000000003da7000 	/System/Library/Frameworks/OpenGL.framework/Versions/A/OpenGL
0x0000000003da7000 	/System/Library/PrivateFrameworks/Sharing.framework/Versions/A/Sharing
0x0000000003da7000 	/System/Library/Frameworks/CoreGraphics.framework/Versions/A/CoreGraphics
0x0000000003da7000 	/System/Library/Frameworks/CoreText.framework/Versions/A/CoreText
0x0000000003da7000 	/System/Library/Frameworks/ImageIO.framework/Versions/A/ImageIO
0x0000000003da7000 	/usr/lib/libextension.dylib
0x0000000003da7000 	/System/Library/PrivateFrameworks/Backup.framework/Versions/A/Backup
0x0000000003da7000 	/usr/lib/libarchive.2.dylib
0x0000000003da7000 	/System/Library/Frameworks/CFNetwork.framework/Versions/A/CFNetwork
0x0000000003da7000 	/System/Library/Frameworks/SystemConfiguration.framework/Versions/A/SystemConfiguration
0x0000000003da7000 	/usr/lib/libCRFSuite.dylib
0x0000000003da7000 	/usr/lib/libc++.1.dylib
0x0000000003da7000 	/usr/lib/libc++abi.dylib
0x0000000003da7000 	/usr/lib/system/libcache.dylib
0x0000000003da7000 	/usr/lib/system/libcommonCrypto.dylib
0x0000000003da7000 	/usr/lib/system/libcompiler_rt.dylib
0x0000000003da7000 	/usr/lib/system/libcopyfile.dylib
0x0000000003da7000 	/usr/lib/system/libcorecrypto.dylib
0x0000000003da7000 	/usr/lib/system/libdispatch.dylib
0x0000000003da7000 	/usr/lib/system/libdyld.dylib
0x0000000003da7000 	/usr/lib/system/libkeymgr.dylib
0x0000000003da7000 	/usr/lib/system/liblaunch.dylib
0x0000000003da7000 	/usr/lib/system/libmacho.dylib
0x0000000003da7000 	/usr/lib/system/libquarantine.dylib
0x0000000003da7000 	/usr/lib/system/libremovefile.dylib
0x0000000003da7000 	/usr/lib/system/libsystem_asl.dylib
0x0000000003da7000 	/usr/lib/system/libsystem_blocks.dylib
0x0000000003da7000 	/usr/lib/system/libsystem_c.dylib
0x0000000003da7000 	/usr/lib/system/libsystem_configuration.dylib
0x0000000003da7000 	/usr/lib/system/libsystem_coreservices.dylib
0x0000000003da7000 	/usr/lib/system/libsystem_coretls.dylib
0x0000000003da7000 	/usr/lib/system/libsystem_dnssd.dylib
0x0000000003da7000 	/usr/lib/system/libsystem_info.dylib
0x0000000003da7000 	/usr/lib/system/libsystem_kernel.dylib
0x0000000003da7000 	/usr/lib/system/libsystem_m.dylib
0x0000000003da7000 	/usr/lib/system/libsystem_malloc.dylib
0x0000000003da7000 	/usr/lib/system/libsystem_network.dylib
0x0000000003da7000 	/usr/lib/system/libsystem_networkextension.dylib
0x0000000003da7000 	/usr/lib/system/libsystem_notify.dylib
0x0000000003da7000 	/usr/lib/system/libsystem_platform.dylib
0x0000000003da7000 	/usr/lib/system/libsystem_pthread.dylib
0x0000000003da7000 	/usr/lib/system/libsystem_sandbox.dylib
0x0000000003da7000 	/usr/lib/system/libsystem_secinit.dylib
0x0000000003da7000 	/usr/lib/system/libsystem_stats.dylib
0x0000000003da7000 	/usr/lib/system/libsystem_trace.dylib
0x0000000003da7000 	/usr/lib/system/libunc.dylib
0x0000000003da7000 	/usr/lib/system/libunwind.dylib
0x0000000003da7000 	/usr/lib/system/libxpc.dylib
0x0000000003da7000 	/usr/lib/libbz2.1.0.dylib
0x0000000003da7000 	/usr/lib/liblzma.5.dylib
0x0000000003da7000 	/usr/lib/libbsm.0.dylib
0x0000000003da7000 	/usr/lib/libsqlite3.dylib
0x0000000003da7000 	/usr/lib/system/libkxld.dylib
0x0000000003da7000 	/usr/lib/libxar.1.dylib
0x0000000003da7000 	/usr/lib/libpam.2.dylib
0x0000000003da7000 	/usr/lib/libOpenScriptingUtil.dylib
0x0000000003da7000 	/System/Library/Frameworks/CoreServices.framework/Versions/A/Frameworks/FSEvents.framework/Versions/A/FSEvents
0x0000000003da7000 	/System/Library/Frameworks/CoreServices.framework/Versions/A/Frameworks/CarbonCore.framework/Versions/A/CarbonCore
0x0000000003da7000 	/System/Library/Frameworks/CoreServices.framework/Versions/A/Frameworks/Metadata.framework/Versions/A/Metadata
0x0000000003da7000 	/System/Library/Frameworks/CoreServices.framework/Versions/A/Frameworks/OSServices.framework/Versions/A/OSServices
0x0000000003da7000 	/System/Library/Frameworks/CoreServices.framework/Versions/A/Frameworks/SearchKit.framework/Versions/A/SearchKit
0x0000000003da7000 	/System/Library/Frameworks/CoreServices.framework/Versions/A/Frameworks/AE.framework/Versions/A/AE
0x0000000003da7000 	/System/Library/Frameworks/CoreServices.framework/Versions/A/Frameworks/LaunchServices.framework/Versions/A/LaunchServices
0x0000000003da7000 	/System/Library/Frameworks/CoreServices.framework/Versions/A/Frameworks/DictionaryServices.framework/Versions/A/DictionaryServices
0x0000000003da7000 	/System/Library/Frameworks/NetFS.framework/Versions/A/NetFS
0x0000000003da7000 	/System/Library/PrivateFrameworks/NetAuth.framework/Versions/A/NetAuth
0x0000000003da7000 	/System/Library/PrivateFrameworks/login.framework/Versions/A/Frameworks/loginsupport.framework/Versions/A/loginsupport
0x0000000003da7000 	/System/Library/PrivateFrameworks/TCC.framework/Versions/A/TCC
0x0000000003da7000 	/usr/lib/libmecabra.dylib
0x0000000003da7000 	/System/Library/Frameworks/ApplicationServices.framework/Versions/A/Frameworks/ATS.framework/Versions/A/ATS
0x0000000003da7000 	/System/Library/Frameworks/ApplicationServices.framework/Versions/A/Frameworks/ColorSync.framework/Versions/A/ColorSync
0x0000000003da7000 	/System/Library/Frameworks/ApplicationServices.framework/Versions/A/Frameworks/HIServices.framework/Versions/A/HIServices
0x0000000003da7000 	/System/Library/Frameworks/ApplicationServices.framework/Versions/A/Frameworks/LangAnalysis.framework/Versions/A/LangAnalysis
0x0000000003da7000 	/System/Library/Frameworks/ApplicationServices.framework/Versions/A/Frameworks/PrintCore.framework/Versions/A/PrintCore
0x0000000003da7000 	/System/Library/Frameworks/ApplicationServices.framework/Versions/A/Frameworks/QD.framework/Versions/A/QD
0x0000000003da7000 	/System/Library/Frameworks/ApplicationServices.framework/Versions/A/Frameworks/SpeechSynthesis.framework/Versions/A/SpeechSynthesis
0x0000000003da7000 	/System/Library/Frameworks/Accelerate.framework/Versions/A/Accelerate
0x0000000003da7000 	/System/Library/Frameworks/Accelerate.framework/Versions/A/Frameworks/vImage.framework/Versions/A/vImage
0x0000000003da7000 	/System/Library/Frameworks/Accelerate.framework/Versions/A/Frameworks/vecLib.framework/Versions/A/vecLib
0x0000000003da7000 	/System/Library/Frameworks/Accelerate.framework/Versions/A/Frameworks/vecLib.framework/Versions/A/libvDSP.dylib
0x0000000003da7000 	/System/Library/Frameworks/Accelerate.framework/Versions/A/Frameworks/vecLib.framework/Versions/A/libvMisc.dylib
0x0000000003da7000 	/System/Library/Frameworks/Accelerate.framework/Versions/A/Frameworks/vecLib.framework/Versions/A/libLAPACK.dylib
0x0000000003da7000 	/System/Library/Frameworks/Accelerate.framework/Versions/A/Frameworks/vecLib.framework/Versions/A/libBLAS.dylib
0x0000000003da7000 	/System/Library/Frameworks/Accelerate.framework/Versions/A/Frameworks/vecLib.framework/Versions/A/libLinearAlgebra.dylib
0x0000000003da7000 	/System/Library/Frameworks/ApplicationServices.framework/Versions/A/Frameworks/ATS.framework/Versions/A/Resources/libFontParser.dylib
0x0000000003da7000 	/System/Library/Frameworks/ApplicationServices.framework/Versions/A/Frameworks/ATS.framework/Versions/A/Resources/libFontRegistry.dylib
0x0000000003da7000 	/System/Library/PrivateFrameworks/AppleVPA.framework/Versions/A/AppleVPA
0x0000000003da7000 	/System/Library/PrivateFrameworks/AppleJPEG.framework/Versions/A/AppleJPEG
0x0000000003da7000 	/System/Library/Frameworks/ImageIO.framework/Versions/A/Resources/libJPEG.dylib
0x0000000003da7000 	/System/Library/Frameworks/ImageIO.framework/Versions/A/Resources/libTIFF.dylib
0x0000000003da7000 	/System/Library/Frameworks/ImageIO.framework/Versions/A/Resources/libPng.dylib
0x0000000003da7000 	/System/Library/Frameworks/ImageIO.framework/Versions/A/Resources/libGIF.dylib
0x0000000003da7000 	/System/Library/Frameworks/ImageIO.framework/Versions/A/Resources/libJP2.dylib
0x0000000003da7000 	/System/Library/Frameworks/ImageIO.framework/Versions/A/Resources/libRadiance.dylib
0x0000000003da7000 	/System/Library/Frameworks/CoreVideo.framework/Versions/A/CoreVideo
0x0000000003da7000 	/System/Library/Frameworks/OpenGL.framework/Versions/A/Libraries/libGLU.dylib
0x0000000003da7000 	/System/Library/Frameworks/OpenGL.framework/Versions/A/Libraries/libGFXShared.dylib
0x0000000003da7000 	/System/Library/Frameworks/OpenGL.framework/Versions/A/Libraries/libGL.dylib
0x0000000003da7000 	/System/Library/Frameworks/OpenGL.framework/Versions/A/Libraries/libGLImage.dylib
0x0000000003da7000 	/System/Library/Frameworks/OpenGL.framework/Versions/A/Libraries/libCVMSPluginSupport.dylib
0x0000000003da7000 	/System/Library/Frameworks/OpenGL.framework/Versions/A/Libraries/libCoreVMClient.dylib
0x0000000003da7000 	/usr/lib/libcups.2.dylib
0x0000000003da7000 	/System/Library/Frameworks/Kerberos.framework/Versions/A/Kerberos
0x0000000003da7000 	/System/Library/Frameworks/GSS.framework/Versions/A/GSS
0x0000000003da7000 	/usr/lib/libresolv.9.dylib
0x0000000003da7000 	/usr/lib/libiconv.2.dylib
0x0000000003da7000 	/System/Library/PrivateFrameworks/Heimdal.framework/Versions/A/Heimdal
0x0000000003da7000 	/usr/lib/libheimdal-asn1.dylib
0x0000000003da7000 	/System/Library/Frameworks/OpenDirectory.framework/Versions/A/OpenDirectory
0x0000000003da7000 	/System/Library/PrivateFrameworks/CommonAuth.framework/Versions/A/CommonAuth
0x0000000003da7000 	/System/Library/Frameworks/OpenDirectory.framework/Versions/A/Frameworks/CFOpenDirectory.framework/Versions/A/CFOpenDirectory
0x0000000003da7000 	/System/Library/Frameworks/SecurityFoundation.framework/Versions/A/SecurityFoundation
0x0000000003da7000 	/System/Library/PrivateFrameworks/LanguageModeling.framework/Versions/A/LanguageModeling
0x0000000003da7000 	/usr/lib/libcmph.dylib
0x0000000003da7000 	/System/Library/Frameworks/ServiceManagement.framework/Versions/A/ServiceManagement
0x0000000003da7000 	/usr/lib/libxslt.1.dylib
0x0000000003da7000 	/System/Library/Frameworks/Carbon.framework/Versions/A/Frameworks/Ink.framework/Versions/A/Ink
0x0000000003da7000 	/System/Library/Frameworks/QuartzCore.framework/Versions/A/Frameworks/CoreImage.framework/Versions/A/CoreImage
0x0000000003da7000 	/System/Library/PrivateFrameworks/CrashReporterSupport.framework/Versions/A/CrashReporterSupport
0x0000000003da7000 	/System/Library/Frameworks/OpenCL.framework/Versions/A/OpenCL
0x0000000003da7000 	/System/Library/PrivateFrameworks/FaceCore.framework/Versions/A/FaceCore
0x0000000003da7000 	/System/Library/PrivateFrameworks/Ubiquity.framework/Versions/A/Ubiquity
0x0000000003da7000 	/System/Library/PrivateFrameworks/IconServices.framework/Versions/A/IconServices
0x0000000003da7000 	/System/Library/PrivateFrameworks/ChunkingLibrary.framework/Versions/A/ChunkingLibrary
0x0000000003da7000 	/System/Library/PrivateFrameworks/Apple80211.framework/Versions/A/Apple80211
0x0000000003da7000 	/System/Library/Frameworks/CoreWLAN.framework/Versions/A/CoreWLAN
0x0000000003da7000 	/System/Library/Frameworks/IOBluetooth.framework/Versions/A/IOBluetooth
0x0000000003da7000 	/System/Library/PrivateFrameworks/CoreWiFi.framework/Versions/A/CoreWiFi
0x0000000003da7000 	/System/Library/Frameworks/CoreBluetooth.framework/Versions/A/CoreBluetooth
0x0000000003da7000 	/System/Library/PrivateFrameworks/DebugSymbols.framework/Versions/A/DebugSymbols
0x0000000003da7000 	/System/Library/PrivateFrameworks/CoreSymbolication.framework/Versions/A/CoreSymbolication
0x0000000003da7000 	/System/Library/PrivateFrameworks/Symbolication.framework/Versions/A/Symbolication
0x0000000003da7000 	/System/Library/PrivateFrameworks/SpeechRecognitionCore.framework/Versions/A/SpeechRecognitionCore
0x000000010d14c000 	/Library/Java/JavaVirtualMachines/jdk1.7.0_51.jdk/Contents/Home/jre/lib/server/libjvm.dylib
0x0000000003da7000 	/usr/lib/libstdc++.6.dylib
0x000000010dbb6000 	/Library/Java/JavaVirtualMachines/jdk1.7.0_51.jdk/Contents/Home/jre/lib/libverify.dylib
0x000000010dbc3000 	/Library/Java/JavaVirtualMachines/jdk1.7.0_51.jdk/Contents/Home/jre/lib/libjava.dylib
0x000000010e103000 	/Library/Java/JavaVirtualMachines/jdk1.7.0_51.jdk/Contents/Home/jre/lib/libjdwp.dylib
0x000000010dbf4000 	/Library/Java/JavaVirtualMachines/jdk1.7.0_51.jdk/Contents/Home/jre/lib/libnpt.dylib
0x000000010e148000 	/Library/Java/JavaVirtualMachines/jdk1.7.0_51.jdk/Contents/Home/jre/lib/libzip.dylib
0x0000000117177000 	/System/Library/Frameworks/JavaVM.framework/Frameworks/JavaRuntimeSupport.framework/JavaRuntimeSupport
0x000000011718f000 	/System/Library/Frameworks/JavaVM.framework/Versions/A/Frameworks/JavaNativeFoundation.framework/Versions/A/JavaNativeFoundation
0x00000001171a4000 	/System/Library/Frameworks/JavaVM.framework/Versions/A/JavaVM
0x0000000003da7000 	/System/Library/Frameworks/Carbon.framework/Versions/A/Carbon
0x00000001171b1000 	/System/Library/PrivateFrameworks/JavaLaunching.framework/Versions/A/JavaLaunching
0x0000000003da7000 	/System/Library/Frameworks/Carbon.framework/Versions/A/Frameworks/CommonPanels.framework/Versions/A/CommonPanels
0x0000000003da7000 	/System/Library/Frameworks/Carbon.framework/Versions/A/Frameworks/Help.framework/Versions/A/Help
0x0000000003da7000 	/System/Library/Frameworks/Carbon.framework/Versions/A/Frameworks/ImageCapture.framework/Versions/A/ImageCapture
0x0000000003da7000 	/System/Library/Frameworks/Carbon.framework/Versions/A/Frameworks/OpenScripting.framework/Versions/A/OpenScripting
0x0000000003da7000 	/System/Library/Frameworks/Carbon.framework/Versions/A/Frameworks/Print.framework/Versions/A/Print
0x0000000003da7000 	/System/Library/Frameworks/Carbon.framework/Versions/A/Frameworks/SecurityHI.framework/Versions/A/SecurityHI
0x0000000118b15000 	/Library/Java/JavaVirtualMachines/jdk1.7.0_51.jdk/Contents/Home/jre/lib/libdt_socket.dylib

VM Arguments:
jvm_args: -agentlib:jdwp=transport=dt_socket,suspend=y,address=localhost:55011 -Xmx2048M -Dfile.encoding=US-ASCII 
java_command: ega.Referee
Launcher Type: SUN_STANDARD

Environment Variables:
PATH=/usr/bin:/bin:/usr/sbin:/sbin
SHELL=/bin/bash

Signal Handlers:
SIGSEGV: [libjvm.dylib+0x525425], sa_mask[0]=0xfffefeff, sa_flags=0x00000043
SIGBUS: [libjvm.dylib+0x525425], sa_mask[0]=0xfffefeff, sa_flags=0x00000042
SIGFPE: [libjvm.dylib+0x41892a], sa_mask[0]=0xfffefeff, sa_flags=0x00000042
SIGPIPE: [libjvm.dylib+0x41892a], sa_mask[0]=0xfffefeff, sa_flags=0x00000042
SIGXFSZ: [libjvm.dylib+0x41892a], sa_mask[0]=0xfffefeff, sa_flags=0x00000042
SIGILL: [libjvm.dylib+0x41892a], sa_mask[0]=0xfffefeff, sa_flags=0x00000042
SIGUSR1: SIG_DFL, sa_mask[0]=0x00000000, sa_flags=0x00000000
SIGUSR2: [libjvm.dylib+0x41841c], sa_mask[0]=0x00000004, sa_flags=0x00000042
SIGHUP: [libjvm.dylib+0x4166ab], sa_mask[0]=0xfffefeff, sa_flags=0x00000042
SIGINT: [libjvm.dylib+0x4166ab], sa_mask[0]=0xfffefeff, sa_flags=0x00000042
SIGTERM: [libjvm.dylib+0x4166ab], sa_mask[0]=0xfffefeff, sa_flags=0x00000042
SIGQUIT: [libjvm.dylib+0x4166ab], sa_mask[0]=0xfffefeff, sa_flags=0x00000042


---------------  S Y S T E M  ---------------

OS:Bsduname:Darwin 14.3.0 Darwin Kernel Version 14.3.0: Mon Mar 23 11:59:05 PDT 2015; root:xnu-2782.20.48~5/RELEASE_X86_64 x86_64
rlimit: STACK 8192k, CORE 0k, NPROC 709, NOFILE 10240, AS infinity
load average:6.94 5.94 6.26

CPU:total 2 (2 cores per cpu, 1 threads per core) family 6 model 23 stepping 10, cmov, cx8, fxsr, mmx, sse, sse2, sse3, ssse3, sse4.1, tsc

Memory: 4k page, physical 16777216k(4194304k free)

/proc/meminfo:


vm_info: Java HotSpot(TM) 64-Bit Server VM (24.51-b03) for bsd-amd64 JRE (1.7.0_51-b13), built on Dec 18 2013 18:45:56 by "java_re" with gcc 4.2.1 (Based on Apple Inc. build 5658) (LLVM build 2336.11.00)

time: Sun Jun 21 18:13:39 2015
elapsed time: 812 seconds

